2026-03-16 14:17:34 | INFO     | [BOT_START] {"bot_id": 1, "project": "hypos_norm", "timestamp": "2026-03-16T14:17:34.650464", "log_dir": "/home/dmitrii/Documents/projects/clicker_2.0/logs/bot_1"}
2026-03-16 14:17:40 | INFO     | [RESTART] {"bot_id": 1, "next_restart": "15:17:40", "restart_delay": 3600}
2026-03-16 14:17:40 | INFO     | [FSM_INITIALIZED] {"site": "gpt", "scenario": "web_search", "start_state": "start_question"}
2026-03-16 14:18:08 | INFO     | [BOT_STOP] {"bot_id": 1, "total_questions": 0}
2026-03-16 14:21:30 | INFO     | [BOT_START] {"bot_id": 1, "project": "hypos_norm", "timestamp": "2026-03-16T14:21:30.642834", "log_dir": "/home/dmitrii/Documents/projects/clicker_2.0/logs/bot_1"}
2026-03-16 14:21:36 | INFO     | [RESTART] {"bot_id": 1, "next_restart": "15:21:36", "restart_delay": 3600}
2026-03-16 14:21:36 | INFO     | [FSM_INITIALIZED] {"site": "gpt", "scenario": "web_search", "start_state": "start_question"}
2026-03-16 14:21:44 | INFO     | [BOT_STOP] {"bot_id": 1, "total_questions": 0}
2026-03-16 14:23:00 | INFO     | [BOT_START] {"bot_id": 1, "project": "hypos_norm", "timestamp": "2026-03-16T14:23:00.292662", "log_dir": "/home/dmitrii/Documents/projects/clicker_2.0/logs/bot_1"}
2026-03-16 14:24:20 | INFO     | [BOT_START] {"bot_id": 1, "project": "hypos_norm", "timestamp": "2026-03-16T14:24:20.662082", "log_dir": "/home/dmitrii/Documents/projects/clicker_2.0/logs/bot_1"}
2026-03-16 14:24:26 | INFO     | [RESTART] {"bot_id": 1, "next_restart": "15:24:26", "restart_delay": 3600}
2026-03-16 14:24:26 | INFO     | [FSM_INITIALIZED] {"site": "gpt", "scenario": "web_search", "start_state": "start_question"}
2026-03-16 14:24:58 | INFO     | [BOT_STOP] {"bot_id": 1, "total_questions": 0}
2026-03-16 17:44:54 | INFO     | [BOT_START] {"bot_id": 1, "project": "hypos_norm", "timestamp": "2026-03-16T17:44:54.451347", "log_dir": "/home/dmitrii/Documents/projects/clicker_2.0/logs/bot_1"}
2026-03-16 17:45:00 | INFO     | [RESTART] {"bot_id": 1, "next_restart": "18:45:00", "restart_delay": 3600}
2026-03-16 17:45:00 | INFO     | [FSM_INITIALIZED] {"site": "gpt", "scenario": "web_search", "start_state": "start_question"}
2026-03-16 17:45:37 | INFO     | [BOT_STOP] {"bot_id": 1, "total_questions": 0}
2026-03-16 17:46:51 | INFO     | [BOT_START] {"bot_id": 1, "project": "hypos_norm", "timestamp": "2026-03-16T17:46:51.107756", "log_dir": "/home/dmitrii/Documents/projects/clicker_2.0/logs/bot_1"}
2026-03-16 17:46:56 | INFO     | [RESTART] {"bot_id": 1, "next_restart": "18:46:56", "restart_delay": 3600}
2026-03-16 17:46:56 | INFO     | [FSM_INITIALIZED] {"site": "gpt", "scenario": "web_search", "start_state": "start_question"}
2026-03-16 22:31:32 | INFO     | [BOT_START] {"bot_id": 1, "project": "hypos_norm", "timestamp": "2026-03-16T22:31:32.240275", "log_dir": "/home/dmitrii/Documents/projects/clicker_2.0/logs/bot_1"}
2026-03-16 22:32:16 | INFO     | [BOT_START] {"bot_id": 1, "project": "hypos_norm", "timestamp": "2026-03-16T22:32:16.177304", "log_dir": "/home/dmitrii/Documents/projects/clicker_2.0/logs/bot_1"}
2026-03-16 22:32:23 | INFO     | [RESTART] {"bot_id": 1, "next_restart": "23:32:23", "restart_delay": 3600}
2026-03-16 22:32:23 | INFO     | [FSM_INITIALIZED] {"site": "gpt", "scenario": "web_search", "start_state": "start_question"}
2026-03-16 22:32:57 | INFO     | [BOT_STOP] {"bot_id": 1, "total_questions": 0}
2026-03-16 22:36:15 | INFO     | [BOT_START] {"bot_id": 1, "project": "hypos_norm", "timestamp": "2026-03-16T22:36:15.269417", "log_dir": "/home/dmitrii/Documents/projects/clicker_2.0/logs/bot_1"}
2026-03-16 22:36:21 | INFO     | [RESTART] {"bot_id": 1, "next_restart": "23:36:21", "restart_delay": 3600}
2026-03-16 22:36:21 | INFO     | [FSM_INITIALIZED] {"site": "gpt", "scenario": "web_search", "start_state": "start_question"}
2026-03-16 22:37:16 | INFO     | [QUESTION_SENT] {"question_idx": 8, "uid": "c0c12101-5360-4c2c-8e40-197add817629"}
2026-03-16 22:41:22 | INFO     | [QUESTION_ATTEMPT] {"attempt": 1, "max_questions": 200, "question_idx": 8, "uid": "c0c12101-5360-4c2c-8e40-197add817629"}
2026-03-16 22:41:51 | INFO     | [QUESTION_SENT] {"question_idx": 9, "uid": "4405cb89-f59d-4831-a589-29df715c6dee"}
2026-03-16 22:45:57 | INFO     | [QUESTION_ATTEMPT] {"attempt": 2, "max_questions": 200, "question_idx": 9, "uid": "4405cb89-f59d-4831-a589-29df715c6dee"}
2026-03-16 22:46:25 | INFO     | [QUESTION_SENT] {"question_idx": 10, "uid": "8c54e88f-e403-481c-9bc1-f843fc35a65e"}
2026-03-16 22:50:31 | INFO     | [QUESTION_ATTEMPT] {"attempt": 3, "max_questions": 200, "question_idx": 10, "uid": "8c54e88f-e403-481c-9bc1-f843fc35a65e"}
2026-03-16 22:50:59 | INFO     | [QUESTION_SENT] {"question_idx": 11, "uid": "77cbbceb-4d66-4d50-b3ac-04ceced8e86f"}
2026-03-16 22:55:08 | INFO     | [QUESTION_ATTEMPT] {"attempt": 4, "max_questions": 200, "question_idx": 11, "uid": "77cbbceb-4d66-4d50-b3ac-04ceced8e86f"}
2026-03-16 22:55:58 | INFO     | [QUESTION_SENT] {"question_idx": 12, "uid": "4a38b0d9-19d6-4ffb-bfa2-73d61994507a"}
2026-03-16 23:00:04 | INFO     | [QUESTION_ATTEMPT] {"attempt": 5, "max_questions": 200, "question_idx": 12, "uid": "4a38b0d9-19d6-4ffb-bfa2-73d61994507a"}
2026-03-16 23:00:33 | INFO     | [QUESTION_SENT] {"question_idx": 13, "uid": "6dbbe7a2-9848-45ba-8e5e-0a1095c7149c"}
2026-03-16 23:04:39 | INFO     | [QUESTION_ATTEMPT] {"attempt": 6, "max_questions": 200, "question_idx": 13, "uid": "6dbbe7a2-9848-45ba-8e5e-0a1095c7149c"}
2026-03-16 23:05:08 | INFO     | [QUESTION_SENT] {"question_idx": 14, "uid": "df646a88-087b-4f21-9329-8d662a7434f6"}
2026-03-16 23:09:14 | INFO     | [QUESTION_ATTEMPT] {"attempt": 7, "max_questions": 200, "question_idx": 14, "uid": "df646a88-087b-4f21-9329-8d662a7434f6"}
2026-03-16 23:09:42 | INFO     | [QUESTION_SENT] {"question_idx": 15, "uid": "ed2d4116-f49f-45c1-8308-08a7a42b641e"}
2026-03-16 23:13:48 | INFO     | [QUESTION_ATTEMPT] {"attempt": 8, "max_questions": 200, "question_idx": 15, "uid": "ed2d4116-f49f-45c1-8308-08a7a42b641e"}
2026-03-16 23:14:16 | INFO     | [QUESTION_SENT] {"question_idx": 16, "uid": "edca74af-73fe-4570-a5c4-1336c1b74206"}
2026-03-16 23:18:22 | INFO     | [QUESTION_ATTEMPT] {"attempt": 9, "max_questions": 200, "question_idx": 16, "uid": "edca74af-73fe-4570-a5c4-1336c1b74206"}
2026-03-16 23:18:50 | INFO     | [QUESTION_SENT] {"question_idx": 17, "uid": "e880aec5-8349-4b1a-850b-ea03c5c3aa38"}
2026-03-16 23:22:56 | INFO     | [QUESTION_ATTEMPT] {"attempt": 10, "max_questions": 200, "question_idx": 17, "uid": "e880aec5-8349-4b1a-850b-ea03c5c3aa38"}
2026-03-16 23:23:25 | INFO     | [QUESTION_SENT] {"question_idx": 18, "uid": "98cc9b0f-fd40-4078-bd2e-4584804e842b"}
2026-03-16 23:27:35 | INFO     | [QUESTION_ATTEMPT] {"attempt": 11, "max_questions": 200, "question_idx": 18, "uid": "98cc9b0f-fd40-4078-bd2e-4584804e842b"}
2026-03-16 23:36:22 | INFO     | [BOT_STOP] {"bot_id": 1, "total_questions": 11}
2026-03-16 23:36:32 | INFO     | [RESTART] {"bot_id": 1, "next_restart": "00:36:32", "restart_delay": 3600}
2026-03-16 23:36:32 | INFO     | [FSM_INITIALIZED] {"site": "gpt", "scenario": "web_search", "start_state": "start_question"}
2026-03-17 00:36:34 | INFO     | [BOT_STOP] {"bot_id": 1, "total_questions": 0}
2026-03-17 00:36:43 | INFO     | [RESTART] {"bot_id": 1, "next_restart": "01:36:43", "restart_delay": 3600}
2026-03-17 00:36:43 | INFO     | [FSM_INITIALIZED] {"site": "gpt", "scenario": "web_search", "start_state": "start_question"}
2026-03-17 01:36:43 | INFO     | [BOT_STOP] {"bot_id": 1, "total_questions": 0}
2026-03-17 01:36:52 | INFO     | [RESTART] {"bot_id": 1, "next_restart": "02:36:52", "restart_delay": 3600}
2026-03-17 01:36:52 | INFO     | [FSM_INITIALIZED] {"site": "gpt", "scenario": "web_search", "start_state": "start_question"}
2026-03-17 02:36:53 | INFO     | [BOT_STOP] {"bot_id": 1, "total_questions": 0}
2026-03-17 02:37:02 | INFO     | [RESTART] {"bot_id": 1, "next_restart": "03:37:02", "restart_delay": 3600}
2026-03-17 02:37:02 | INFO     | [FSM_INITIALIZED] {"site": "gpt", "scenario": "web_search", "start_state": "start_question"}
2026-03-17 03:37:03 | INFO     | [BOT_STOP] {"bot_id": 1, "total_questions": 0}
2026-03-17 03:37:12 | INFO     | [RESTART] {"bot_id": 1, "next_restart": "04:37:12", "restart_delay": 3600}
2026-03-17 03:37:12 | INFO     | [FSM_INITIALIZED] {"site": "gpt", "scenario": "web_search", "start_state": "start_question"}
2026-03-17 04:37:12 | INFO     | [BOT_STOP] {"bot_id": 1, "total_questions": 0}
2026-03-17 04:37:21 | INFO     | [RESTART] {"bot_id": 1, "next_restart": "05:37:21", "restart_delay": 3600}
2026-03-17 04:37:21 | INFO     | [FSM_INITIALIZED] {"site": "gpt", "scenario": "web_search", "start_state": "start_question"}
2026-03-17 05:37:21 | INFO     | [BOT_STOP] {"bot_id": 1, "total_questions": 0}
2026-03-17 05:37:30 | INFO     | [RESTART] {"bot_id": 1, "next_restart": "06:37:30", "restart_delay": 3600}
2026-03-17 05:37:30 | INFO     | [FSM_INITIALIZED] {"site": "gpt", "scenario": "web_search", "start_state": "start_question"}
2026-03-17 06:37:31 | INFO     | [BOT_STOP] {"bot_id": 1, "total_questions": 0}
2026-03-17 06:37:39 | INFO     | [RESTART] {"bot_id": 1, "next_restart": "07:37:39", "restart_delay": 3600}
2026-03-17 06:37:39 | INFO     | [FSM_INITIALIZED] {"site": "gpt", "scenario": "web_search", "start_state": "start_question"}
2026-03-17 07:10:08 | INFO     | [QUESTION_SENT] {"question_idx": 19, "uid": "f794713b-da99-48cf-bb6e-0d261bdf5051"}
2026-03-17 07:14:15 | INFO     | [QUESTION_ATTEMPT] {"attempt": 1, "max_questions": 200, "question_idx": 19, "uid": "f794713b-da99-48cf-bb6e-0d261bdf5051"}
2026-03-17 07:14:41 | INFO     | [QUESTION_SENT] {"question_idx": 20, "uid": "41a89fe7-c6f2-4fc8-a964-ec96457f3668"}
2026-03-17 07:18:47 | INFO     | [QUESTION_ATTEMPT] {"attempt": 2, "max_questions": 200, "question_idx": 20, "uid": "41a89fe7-c6f2-4fc8-a964-ec96457f3668"}
2026-03-17 07:19:14 | INFO     | [QUESTION_SENT] {"question_idx": 21, "uid": "d775bb3f-7f08-440e-8f59-4ddb686d83f9"}
2026-03-17 07:23:20 | INFO     | [QUESTION_ATTEMPT] {"attempt": 3, "max_questions": 200, "question_idx": 21, "uid": "d775bb3f-7f08-440e-8f59-4ddb686d83f9"}
2026-03-17 07:23:23 | INFO     | [BOT_STOP] {"bot_id": 1, "total_questions": 3}
