2026-03-18 22:13:55 | INFO     | [BOT_START] {"bot_id": 1, "project": "hypos_norm", "timestamp": "2026-03-18T22:13:55.562629", "log_dir": "/home/dmitrii/Documents/projects/clicker_2.0/logs/bot_1"}
2026-03-18 22:14:01 | INFO     | [RESTART] {"bot_id": 1, "note": "first_start"}
2026-03-18 22:14:01 | INFO     | [FSM_INITIALIZED] {"site": "gpt", "scenario": "web_search", "start_state": "start_question"}
2026-03-18 22:14:45 | INFO     | [QUESTION_SENT] {"question_idx": 500, "uid": "c074633c-b459-49d8-9f72-06450cb6faa0"}
2026-03-18 22:16:34 | INFO     | [QUESTION_ATTEMPT] {"attempt": 1, "max_questions": 400, "question_idx": 500, "uid": "c074633c-b459-49d8-9f72-06450cb6faa0"}
2026-03-18 22:17:14 | INFO     | [QUESTION_SENT] {"question_idx": 501, "uid": "5135baa9-c063-4270-975b-b84a0b010b41"}
2026-03-18 22:19:03 | INFO     | [QUESTION_ATTEMPT] {"attempt": 2, "max_questions": 400, "question_idx": 501, "uid": "5135baa9-c063-4270-975b-b84a0b010b41"}
2026-03-18 22:19:41 | INFO     | [QUESTION_SENT] {"question_idx": 502, "uid": "6e603217-8f10-4697-a162-570637f14d0b"}
2026-03-18 22:21:28 | INFO     | [QUESTION_ATTEMPT] {"attempt": 3, "max_questions": 400, "question_idx": 502, "uid": "6e603217-8f10-4697-a162-570637f14d0b"}
2026-03-18 22:22:07 | INFO     | [QUESTION_SENT] {"question_idx": 503, "uid": "bcbcd328-e80a-4cd2-8908-5197018aa5cf"}
2026-03-18 22:23:54 | INFO     | [QUESTION_ATTEMPT] {"attempt": 4, "max_questions": 400, "question_idx": 503, "uid": "bcbcd328-e80a-4cd2-8908-5197018aa5cf"}
2026-03-18 22:24:33 | INFO     | [QUESTION_SENT] {"question_idx": 504, "uid": "11a6fd34-6f44-4fcc-ac86-45624d491bbb"}
2026-03-18 22:26:20 | INFO     | [QUESTION_ATTEMPT] {"attempt": 5, "max_questions": 400, "question_idx": 504, "uid": "11a6fd34-6f44-4fcc-ac86-45624d491bbb"}
2026-03-18 22:26:58 | INFO     | [QUESTION_SENT] {"question_idx": 505, "uid": "11f9a76b-61d4-47e7-9e11-43c445120119"}
2026-03-18 22:28:46 | INFO     | [QUESTION_ATTEMPT] {"attempt": 6, "max_questions": 400, "question_idx": 505, "uid": "11f9a76b-61d4-47e7-9e11-43c445120119"}
2026-03-18 22:29:24 | INFO     | [QUESTION_SENT] {"question_idx": 506, "uid": "9f15d7db-775c-4dcf-883d-1f2f6398ca97"}
2026-03-18 22:31:13 | INFO     | [QUESTION_ATTEMPT] {"attempt": 7, "max_questions": 400, "question_idx": 506, "uid": "9f15d7db-775c-4dcf-883d-1f2f6398ca97"}
2026-03-18 22:31:52 | INFO     | [QUESTION_SENT] {"question_idx": 507, "uid": "74a7321e-2087-4503-9f10-ca65f6667388"}
2026-03-18 22:33:35 | INFO     | [QUESTION_ATTEMPT] {"attempt": 8, "max_questions": 400, "question_idx": 507, "uid": "74a7321e-2087-4503-9f10-ca65f6667388"}
2026-03-18 22:34:13 | INFO     | [QUESTION_SENT] {"question_idx": 508, "uid": "e2b5724c-1e31-4c2d-946e-d5e44e2d6a0f"}
2026-03-18 22:36:10 | INFO     | [QUESTION_ATTEMPT] {"attempt": 9, "max_questions": 400, "question_idx": 508, "uid": "e2b5724c-1e31-4c2d-946e-d5e44e2d6a0f"}
2026-03-18 22:36:55 | INFO     | [QUESTION_SENT] {"question_idx": 509, "uid": "39f737b2-3c4b-4efb-9c9b-56f01db60cdb"}
2026-03-18 22:38:44 | INFO     | [QUESTION_ATTEMPT] {"attempt": 10, "max_questions": 400, "question_idx": 509, "uid": "39f737b2-3c4b-4efb-9c9b-56f01db60cdb"}
2026-03-18 22:39:24 | INFO     | [QUESTION_SENT] {"question_idx": 510, "uid": "c3dc3cae-e09e-4852-acde-a336fc34946f"}
2026-03-18 22:41:16 | INFO     | [QUESTION_ATTEMPT] {"attempt": 11, "max_questions": 400, "question_idx": 510, "uid": "c3dc3cae-e09e-4852-acde-a336fc34946f"}
2026-03-18 22:42:16 | INFO     | [QUESTION_SENT] {"question_idx": 511, "uid": "e98aba02-e11e-48e9-ae31-857479dccbde"}
2026-03-18 22:43:58 | INFO     | [QUESTION_ATTEMPT] {"attempt": 12, "max_questions": 400, "question_idx": 511, "uid": "e98aba02-e11e-48e9-ae31-857479dccbde"}
2026-03-18 22:44:37 | INFO     | [QUESTION_SENT] {"question_idx": 512, "uid": "0f773da4-ad63-4799-9f6a-a474b8a97408"}
2026-03-18 22:46:24 | INFO     | [QUESTION_ATTEMPT] {"attempt": 13, "max_questions": 400, "question_idx": 512, "uid": "0f773da4-ad63-4799-9f6a-a474b8a97408"}
2026-03-18 22:47:08 | INFO     | [QUESTION_SENT] {"question_idx": 513, "uid": "2858d0a6-687c-4f9a-8cc3-77cbf331ccf6"}
2026-03-18 22:48:52 | INFO     | [QUESTION_ATTEMPT] {"attempt": 14, "max_questions": 400, "question_idx": 513, "uid": "2858d0a6-687c-4f9a-8cc3-77cbf331ccf6"}
2026-03-18 22:49:30 | INFO     | [QUESTION_SENT] {"question_idx": 514, "uid": "416e502e-5833-4f29-a803-c4997be74fff"}
2026-03-18 22:51:18 | INFO     | [QUESTION_ATTEMPT] {"attempt": 15, "max_questions": 400, "question_idx": 514, "uid": "416e502e-5833-4f29-a803-c4997be74fff"}
2026-03-18 22:51:56 | INFO     | [QUESTION_SENT] {"question_idx": 515, "uid": "05cd608f-c672-44e0-935f-17a1e7332ffd"}
2026-03-18 22:53:43 | INFO     | [QUESTION_ATTEMPT] {"attempt": 16, "max_questions": 400, "question_idx": 515, "uid": "05cd608f-c672-44e0-935f-17a1e7332ffd"}
2026-03-18 22:54:22 | INFO     | [QUESTION_SENT] {"question_idx": 516, "uid": "d91e6a5d-29e8-4967-a310-d8a13bc34c16"}
2026-03-18 22:56:09 | INFO     | [QUESTION_ATTEMPT] {"attempt": 17, "max_questions": 400, "question_idx": 516, "uid": "d91e6a5d-29e8-4967-a310-d8a13bc34c16"}
2026-03-18 22:56:48 | INFO     | [QUESTION_SENT] {"question_idx": 517, "uid": "20b961dd-222b-452f-89cc-a2af4e6cbb80"}
2026-03-18 22:58:35 | INFO     | [QUESTION_ATTEMPT] {"attempt": 18, "max_questions": 400, "question_idx": 517, "uid": "20b961dd-222b-452f-89cc-a2af4e6cbb80"}
2026-03-18 22:59:13 | INFO     | [QUESTION_SENT] {"question_idx": 518, "uid": "9741bce7-1729-4e5c-ab49-f9c4deb182f6"}
2026-03-18 23:01:01 | INFO     | [QUESTION_ATTEMPT] {"attempt": 19, "max_questions": 400, "question_idx": 518, "uid": "9741bce7-1729-4e5c-ab49-f9c4deb182f6"}
2026-03-18 23:01:39 | INFO     | [QUESTION_SENT] {"question_idx": 519, "uid": "d93a4e10-75ed-45c5-9f92-ad84f50db245"}
2026-03-18 23:02:57 | INFO     | [BOT_STOP] {"bot_id": 1, "total_questions": 19}
2026-03-18 23:50:10 | INFO     | [BOT_START] {"bot_id": 1, "project": "hypos_norm", "timestamp": "2026-03-18T23:50:10.458917", "log_dir": "/home/dmitrii/Documents/projects/clicker_2.0/logs/bot_1"}
2026-03-18 23:50:16 | INFO     | [RESTART] {"bot_id": 1, "note": "first_start"}
2026-03-18 23:50:16 | INFO     | [FSM_INITIALIZED] {"site": "gpt", "scenario": "web_search", "start_state": "start_question"}
2026-03-18 23:50:59 | INFO     | [QUESTION_SENT] {"question_idx": 519, "uid": "d93a4e10-75ed-45c5-9f92-ad84f50db245"}
2026-03-18 23:52:48 | INFO     | [QUESTION_ATTEMPT] {"attempt": 1, "max_questions": 400, "question_idx": 519, "uid": "d93a4e10-75ed-45c5-9f92-ad84f50db245"}
2026-03-18 23:53:28 | INFO     | [QUESTION_SENT] {"question_idx": 520, "uid": "0dea07a2-5be3-4a90-aa6a-5d020261705f"}
2026-03-18 23:55:17 | INFO     | [QUESTION_ATTEMPT] {"attempt": 2, "max_questions": 400, "question_idx": 520, "uid": "0dea07a2-5be3-4a90-aa6a-5d020261705f"}
2026-03-18 23:55:58 | INFO     | [QUESTION_SENT] {"question_idx": 521, "uid": "2c1ea1f6-7b08-44bd-a39b-66d3d518dbc1"}
2026-03-18 23:57:43 | INFO     | [QUESTION_ATTEMPT] {"attempt": 3, "max_questions": 400, "question_idx": 521, "uid": "2c1ea1f6-7b08-44bd-a39b-66d3d518dbc1"}
2026-03-18 23:58:21 | INFO     | [QUESTION_SENT] {"question_idx": 522, "uid": "5a0b35a0-5c00-4caa-9735-aff99187eeea"}
2026-03-19 00:00:08 | INFO     | [QUESTION_ATTEMPT] {"attempt": 4, "max_questions": 400, "question_idx": 522, "uid": "5a0b35a0-5c00-4caa-9735-aff99187eeea"}
2026-03-19 00:00:47 | INFO     | [QUESTION_SENT] {"question_idx": 523, "uid": "2990fb9c-cbe5-48e9-b250-5260d93b06d4"}
2026-03-19 00:02:34 | INFO     | [QUESTION_ATTEMPT] {"attempt": 5, "max_questions": 400, "question_idx": 523, "uid": "2990fb9c-cbe5-48e9-b250-5260d93b06d4"}
2026-03-19 00:03:13 | INFO     | [QUESTION_SENT] {"question_idx": 524, "uid": "fe8ed0ca-f077-40fb-a2b2-7ad0ec0ee5f1"}
2026-03-19 00:05:00 | INFO     | [QUESTION_ATTEMPT] {"attempt": 6, "max_questions": 400, "question_idx": 524, "uid": "fe8ed0ca-f077-40fb-a2b2-7ad0ec0ee5f1"}
2026-03-19 00:05:38 | INFO     | [QUESTION_SENT] {"question_idx": 525, "uid": "4699e8f1-7729-4635-9323-f3ea07cfc7f0"}
2026-03-19 00:07:25 | INFO     | [QUESTION_ATTEMPT] {"attempt": 7, "max_questions": 400, "question_idx": 525, "uid": "4699e8f1-7729-4635-9323-f3ea07cfc7f0"}
2026-03-19 00:08:04 | INFO     | [QUESTION_SENT] {"question_idx": 526, "uid": "beaa26c9-8b33-43e3-9709-b2726f4a126e"}
2026-03-19 00:09:51 | INFO     | [QUESTION_ATTEMPT] {"attempt": 8, "max_questions": 400, "question_idx": 526, "uid": "beaa26c9-8b33-43e3-9709-b2726f4a126e"}
2026-03-19 00:10:30 | INFO     | [QUESTION_SENT] {"question_idx": 527, "uid": "e0b9b6a3-8481-4682-8546-7ed171f788a8"}
2026-03-19 00:12:22 | INFO     | [QUESTION_ATTEMPT] {"attempt": 9, "max_questions": 400, "question_idx": 527, "uid": "e0b9b6a3-8481-4682-8546-7ed171f788a8"}
2026-03-19 00:13:07 | INFO     | [QUESTION_SENT] {"question_idx": 528, "uid": "90a33d7d-bf1e-431c-aa24-31485c31279d"}
2026-03-19 00:14:56 | INFO     | [QUESTION_ATTEMPT] {"attempt": 10, "max_questions": 400, "question_idx": 528, "uid": "90a33d7d-bf1e-431c-aa24-31485c31279d"}
2026-03-19 00:15:36 | INFO     | [QUESTION_SENT] {"question_idx": 529, "uid": "74d00c1d-cfbc-446c-91c1-36806abfaee6"}
2026-03-19 00:17:28 | INFO     | [QUESTION_ATTEMPT] {"attempt": 11, "max_questions": 400, "question_idx": 529, "uid": "74d00c1d-cfbc-446c-91c1-36806abfaee6"}
2026-03-19 00:18:28 | INFO     | [QUESTION_SENT] {"question_idx": 530, "uid": "d6089306-1a48-4b14-92f8-18ed9affb296"}
2026-03-19 00:20:09 | INFO     | [QUESTION_ATTEMPT] {"attempt": 12, "max_questions": 400, "question_idx": 530, "uid": "d6089306-1a48-4b14-92f8-18ed9affb296"}
2026-03-19 00:20:46 | INFO     | [QUESTION_SENT] {"question_idx": 531, "uid": "04f95723-43f0-4944-881f-d1fb2c3c87bc"}
2026-03-19 00:22:30 | INFO     | [QUESTION_ATTEMPT] {"attempt": 13, "max_questions": 400, "question_idx": 531, "uid": "04f95723-43f0-4944-881f-d1fb2c3c87bc"}
2026-03-19 00:23:11 | INFO     | [QUESTION_SENT] {"question_idx": 532, "uid": "39c2dfd6-4c26-46c0-951d-71a08fc2e09e"}
2026-03-19 00:24:56 | INFO     | [QUESTION_ATTEMPT] {"attempt": 14, "max_questions": 400, "question_idx": 532, "uid": "39c2dfd6-4c26-46c0-951d-71a08fc2e09e"}
2026-03-19 00:25:35 | INFO     | [QUESTION_SENT] {"question_idx": 533, "uid": "e94e99d7-3b40-4e8a-82b5-8f237d86a42f"}
2026-03-19 00:27:22 | INFO     | [QUESTION_ATTEMPT] {"attempt": 15, "max_questions": 400, "question_idx": 533, "uid": "e94e99d7-3b40-4e8a-82b5-8f237d86a42f"}
2026-03-19 00:28:01 | INFO     | [QUESTION_SENT] {"question_idx": 534, "uid": "16ad0f4d-174f-4457-8aab-ee116ff0da8d"}
2026-03-19 00:29:48 | INFO     | [QUESTION_ATTEMPT] {"attempt": 16, "max_questions": 400, "question_idx": 534, "uid": "16ad0f4d-174f-4457-8aab-ee116ff0da8d"}
2026-03-19 00:30:26 | INFO     | [QUESTION_SENT] {"question_idx": 535, "uid": "120c2173-d8cc-4f24-bc0b-3f860c1cd80f"}
2026-03-19 00:32:48 | INFO     | [QUESTION_SENT] {"question_idx": 535, "uid": "120c2173-d8cc-4f24-bc0b-3f860c1cd80f"}
2026-03-19 00:35:13 | INFO     | [QUESTION_SENT] {"question_idx": 535, "uid": "120c2173-d8cc-4f24-bc0b-3f860c1cd80f"}
2026-03-19 00:37:02 | INFO     | [QUESTION_ATTEMPT] {"attempt": 17, "max_questions": 400, "question_idx": 535, "uid": "120c2173-d8cc-4f24-bc0b-3f860c1cd80f"}
2026-03-19 00:37:40 | INFO     | [QUESTION_SENT] {"question_idx": 536, "uid": "16716af1-aaf1-4a58-8635-325aca067fa1"}
2026-03-19 00:39:34 | INFO     | [QUESTION_ATTEMPT] {"attempt": 18, "max_questions": 400, "question_idx": 536, "uid": "16716af1-aaf1-4a58-8635-325aca067fa1"}
2026-03-19 00:40:19 | INFO     | [QUESTION_SENT] {"question_idx": 537, "uid": "99f148be-c781-4ff3-bd1b-a8859a13de14"}
2026-03-19 00:42:08 | INFO     | [QUESTION_ATTEMPT] {"attempt": 19, "max_questions": 400, "question_idx": 537, "uid": "99f148be-c781-4ff3-bd1b-a8859a13de14"}
2026-03-19 00:42:48 | INFO     | [QUESTION_SENT] {"question_idx": 538, "uid": "543bd1e9-1d6d-4583-9269-1e1e315963ef"}
2026-03-19 00:44:39 | INFO     | [QUESTION_ATTEMPT] {"attempt": 20, "max_questions": 400, "question_idx": 538, "uid": "543bd1e9-1d6d-4583-9269-1e1e315963ef"}
2026-03-19 00:45:40 | INFO     | [QUESTION_SENT] {"question_idx": 539, "uid": "7bd8e998-abca-40bb-8119-fab229093e9e"}
2026-03-19 00:47:22 | INFO     | [QUESTION_ATTEMPT] {"attempt": 21, "max_questions": 400, "question_idx": 539, "uid": "7bd8e998-abca-40bb-8119-fab229093e9e"}
2026-03-19 00:48:01 | INFO     | [QUESTION_SENT] {"question_idx": 540, "uid": "d2b57821-8383-4f6a-ba41-fa246949eabd"}
2026-03-19 00:49:48 | INFO     | [QUESTION_ATTEMPT] {"attempt": 22, "max_questions": 400, "question_idx": 540, "uid": "d2b57821-8383-4f6a-ba41-fa246949eabd"}
2026-03-19 00:50:31 | INFO     | [QUESTION_SENT] {"question_idx": 541, "uid": "9d85750d-6de0-4988-97e6-b9b78547964f"}
2026-03-19 00:52:11 | INFO     | [QUESTION_ATTEMPT] {"attempt": 23, "max_questions": 400, "question_idx": 541, "uid": "9d85750d-6de0-4988-97e6-b9b78547964f"}
2026-03-19 00:52:50 | INFO     | [QUESTION_SENT] {"question_idx": 542, "uid": "cac045b6-ef03-4341-942c-02966f3ab435"}
2026-03-19 00:55:11 | INFO     | [QUESTION_SENT] {"question_idx": 542, "uid": "cac045b6-ef03-4341-942c-02966f3ab435"}
2026-03-19 00:57:00 | INFO     | [QUESTION_ATTEMPT] {"attempt": 24, "max_questions": 400, "question_idx": 542, "uid": "cac045b6-ef03-4341-942c-02966f3ab435"}
2026-03-19 00:57:39 | INFO     | [QUESTION_SENT] {"question_idx": 543, "uid": "00772fbd-cad4-4fe1-aeb5-c282f29a8318"}
2026-03-19 00:59:26 | INFO     | [QUESTION_ATTEMPT] {"attempt": 25, "max_questions": 400, "question_idx": 543, "uid": "00772fbd-cad4-4fe1-aeb5-c282f29a8318"}
2026-03-19 01:00:05 | INFO     | [QUESTION_SENT] {"question_idx": 544, "uid": "509d6d50-06f8-4c7c-bb4e-046a1ac679b4"}
2026-03-19 01:01:52 | INFO     | [QUESTION_ATTEMPT] {"attempt": 26, "max_questions": 400, "question_idx": 544, "uid": "509d6d50-06f8-4c7c-bb4e-046a1ac679b4"}
2026-03-19 01:02:30 | INFO     | [QUESTION_SENT] {"question_idx": 545, "uid": "469202d0-bbc1-42fa-b56a-01264259c3b9"}
2026-03-19 01:04:18 | INFO     | [QUESTION_ATTEMPT] {"attempt": 27, "max_questions": 400, "question_idx": 545, "uid": "469202d0-bbc1-42fa-b56a-01264259c3b9"}
2026-03-19 01:04:56 | INFO     | [QUESTION_SENT] {"question_idx": 546, "uid": "cf45d2ee-e282-47cd-bf1c-e0c5dfbaa100"}
2026-03-19 01:06:50 | INFO     | [QUESTION_ATTEMPT] {"attempt": 28, "max_questions": 400, "question_idx": 546, "uid": "cf45d2ee-e282-47cd-bf1c-e0c5dfbaa100"}
2026-03-19 01:07:35 | INFO     | [QUESTION_SENT] {"question_idx": 547, "uid": "ec58637f-2000-41af-a8c2-9608d8262882"}
2026-03-19 01:09:24 | INFO     | [QUESTION_ATTEMPT] {"attempt": 29, "max_questions": 400, "question_idx": 547, "uid": "ec58637f-2000-41af-a8c2-9608d8262882"}
2026-03-19 01:10:04 | INFO     | [QUESTION_SENT] {"question_idx": 548, "uid": "8bc4923b-cccd-41ab-a0b2-7202badf93e5"}
2026-03-19 01:11:55 | INFO     | [QUESTION_ATTEMPT] {"attempt": 30, "max_questions": 400, "question_idx": 548, "uid": "8bc4923b-cccd-41ab-a0b2-7202badf93e5"}
2026-03-19 01:12:56 | INFO     | [QUESTION_SENT] {"question_idx": 549, "uid": "83c1854d-ff80-434c-ac3f-7c6de66f7b92"}
2026-03-19 01:14:38 | INFO     | [QUESTION_ATTEMPT] {"attempt": 31, "max_questions": 400, "question_idx": 549, "uid": "83c1854d-ff80-434c-ac3f-7c6de66f7b92"}
2026-03-19 01:15:17 | INFO     | [QUESTION_SENT] {"question_idx": 550, "uid": "b0bdfa43-365e-4188-8a46-0ac0a4c45dbb"}
2026-03-19 01:17:04 | INFO     | [QUESTION_ATTEMPT] {"attempt": 32, "max_questions": 400, "question_idx": 550, "uid": "b0bdfa43-365e-4188-8a46-0ac0a4c45dbb"}
2026-03-19 01:17:46 | INFO     | [QUESTION_SENT] {"question_idx": 551, "uid": "cb7a4c58-f2ed-4471-ba47-61b1f6d7d136"}
2026-03-19 01:19:31 | INFO     | [QUESTION_ATTEMPT] {"attempt": 33, "max_questions": 400, "question_idx": 551, "uid": "cb7a4c58-f2ed-4471-ba47-61b1f6d7d136"}
2026-03-19 01:20:10 | INFO     | [QUESTION_SENT] {"question_idx": 552, "uid": "44294bdd-e4d1-4e1b-8b0d-683478be2b1c"}
2026-03-19 01:21:57 | INFO     | [QUESTION_ATTEMPT] {"attempt": 34, "max_questions": 400, "question_idx": 552, "uid": "44294bdd-e4d1-4e1b-8b0d-683478be2b1c"}
2026-03-19 01:22:35 | INFO     | [QUESTION_SENT] {"question_idx": 553, "uid": "19eabae1-3ac0-4082-b779-4eacb8f95164"}
2026-03-19 01:24:23 | INFO     | [QUESTION_ATTEMPT] {"attempt": 35, "max_questions": 400, "question_idx": 553, "uid": "19eabae1-3ac0-4082-b779-4eacb8f95164"}
2026-03-19 01:25:01 | INFO     | [QUESTION_SENT] {"question_idx": 554, "uid": "6152df01-d47e-43b6-bc54-ed2c5b4f1bbe"}
2026-03-19 01:26:49 | INFO     | [QUESTION_ATTEMPT] {"attempt": 36, "max_questions": 400, "question_idx": 554, "uid": "6152df01-d47e-43b6-bc54-ed2c5b4f1bbe"}
2026-03-19 01:27:27 | INFO     | [QUESTION_SENT] {"question_idx": 555, "uid": "dd90d56e-aa6f-417c-9edb-f86406cae3b6"}
2026-03-19 01:29:14 | INFO     | [QUESTION_ATTEMPT] {"attempt": 37, "max_questions": 400, "question_idx": 555, "uid": "dd90d56e-aa6f-417c-9edb-f86406cae3b6"}
2026-03-19 01:29:53 | INFO     | [QUESTION_SENT] {"question_idx": 556, "uid": "c62d2f57-3df9-4692-a9ed-ca07e7bcfa62"}
2026-03-19 01:31:40 | INFO     | [QUESTION_ATTEMPT] {"attempt": 38, "max_questions": 400, "question_idx": 556, "uid": "c62d2f57-3df9-4692-a9ed-ca07e7bcfa62"}
2026-03-19 01:32:18 | INFO     | [QUESTION_SENT] {"question_idx": 557, "uid": "14751d03-900c-448b-8076-72c55427243f"}
2026-03-19 01:34:14 | INFO     | [QUESTION_ATTEMPT] {"attempt": 39, "max_questions": 400, "question_idx": 557, "uid": "14751d03-900c-448b-8076-72c55427243f"}
2026-03-19 01:34:54 | INFO     | [QUESTION_SENT] {"question_idx": 558, "uid": "5a2102ae-fc85-459b-a905-ebad934f5841"}
2026-03-19 01:36:39 | INFO     | [QUESTION_ATTEMPT] {"attempt": 40, "max_questions": 400, "question_idx": 558, "uid": "5a2102ae-fc85-459b-a905-ebad934f5841"}
2026-03-19 01:37:17 | INFO     | [QUESTION_SENT] {"question_idx": 559, "uid": "8aaecef6-c196-42d0-9bcf-d65a890f9bfa"}
2026-03-19 01:39:07 | INFO     | [QUESTION_ATTEMPT] {"attempt": 41, "max_questions": 400, "question_idx": 559, "uid": "8aaecef6-c196-42d0-9bcf-d65a890f9bfa"}
2026-03-19 01:40:07 | INFO     | [QUESTION_SENT] {"question_idx": 560, "uid": "c32a57a1-c77b-487d-9782-7fc46e8ac57a"}
2026-03-19 01:41:50 | INFO     | [QUESTION_ATTEMPT] {"attempt": 42, "max_questions": 400, "question_idx": 560, "uid": "c32a57a1-c77b-487d-9782-7fc46e8ac57a"}
2026-03-19 01:42:28 | INFO     | [QUESTION_SENT] {"question_idx": 561, "uid": "0646e41a-f903-43bb-91e7-8ed499eb3a54"}
2026-03-19 01:44:15 | INFO     | [QUESTION_ATTEMPT] {"attempt": 43, "max_questions": 400, "question_idx": 561, "uid": "0646e41a-f903-43bb-91e7-8ed499eb3a54"}
2026-03-19 01:44:58 | INFO     | [QUESTION_SENT] {"question_idx": 562, "uid": "03eb212a-f276-446e-9c80-e6d80bf0cb11"}
2026-03-19 01:46:43 | INFO     | [QUESTION_ATTEMPT] {"attempt": 44, "max_questions": 400, "question_idx": 562, "uid": "03eb212a-f276-446e-9c80-e6d80bf0cb11"}
2026-03-19 01:47:21 | INFO     | [QUESTION_SENT] {"question_idx": 563, "uid": "4b58efb1-44fe-4c60-b1bd-73be6f9ac3e6"}
2026-03-19 01:49:09 | INFO     | [QUESTION_ATTEMPT] {"attempt": 45, "max_questions": 400, "question_idx": 563, "uid": "4b58efb1-44fe-4c60-b1bd-73be6f9ac3e6"}
2026-03-19 01:49:47 | INFO     | [QUESTION_SENT] {"question_idx": 564, "uid": "53b0da8e-e5be-4e7e-8006-ad1577ea2d0f"}
2026-03-19 01:51:34 | INFO     | [QUESTION_ATTEMPT] {"attempt": 46, "max_questions": 400, "question_idx": 564, "uid": "53b0da8e-e5be-4e7e-8006-ad1577ea2d0f"}
2026-03-19 01:52:13 | INFO     | [QUESTION_SENT] {"question_idx": 565, "uid": "fc9e6fb9-c2c2-49a1-9951-41f2a3dec38c"}
2026-03-19 01:54:00 | INFO     | [QUESTION_ATTEMPT] {"attempt": 47, "max_questions": 400, "question_idx": 565, "uid": "fc9e6fb9-c2c2-49a1-9951-41f2a3dec38c"}
2026-03-19 01:54:38 | INFO     | [QUESTION_SENT] {"question_idx": 566, "uid": "eafc27f3-b809-498f-afe7-cd25b0903a44"}
2026-03-19 01:56:21 | INFO     | [QUESTION_ATTEMPT] {"attempt": 48, "max_questions": 400, "question_idx": 566, "uid": "eafc27f3-b809-498f-afe7-cd25b0903a44"}
2026-03-19 01:57:00 | INFO     | [QUESTION_SENT] {"question_idx": 567, "uid": "898499c4-e717-4cc9-8696-1eeaf476894d"}
2026-03-19 01:58:47 | INFO     | [QUESTION_ATTEMPT] {"attempt": 49, "max_questions": 400, "question_idx": 567, "uid": "898499c4-e717-4cc9-8696-1eeaf476894d"}
2026-03-19 01:59:26 | INFO     | [QUESTION_SENT] {"question_idx": 568, "uid": "4d61d222-7e0a-4d94-b86e-5a2651f7d5f9"}
2026-03-19 02:01:52 | INFO     | [QUESTION_SENT] {"question_idx": 568, "uid": "4d61d222-7e0a-4d94-b86e-5a2651f7d5f9"}
2026-03-19 02:03:29 | INFO     | [QUESTION_ATTEMPT] {"attempt": 50, "max_questions": 400, "question_idx": 568, "uid": "4d61d222-7e0a-4d94-b86e-5a2651f7d5f9"}
2026-03-19 02:04:18 | INFO     | [QUESTION_SENT] {"question_idx": 569, "uid": "75a48932-0850-4850-9819-b9763b730563"}
2026-03-19 02:05:55 | INFO     | [QUESTION_ATTEMPT] {"attempt": 51, "max_questions": 400, "question_idx": 569, "uid": "75a48932-0850-4850-9819-b9763b730563"}
2026-03-19 02:06:46 | INFO     | [QUESTION_SENT] {"question_idx": 570, "uid": "73fb50c8-8d27-4924-96ff-bc7a9c230646"}
2026-03-19 02:08:22 | INFO     | [QUESTION_ATTEMPT] {"attempt": 52, "max_questions": 400, "question_idx": 570, "uid": "73fb50c8-8d27-4924-96ff-bc7a9c230646"}
2026-03-19 02:09:07 | INFO     | [QUESTION_SENT] {"question_idx": 571, "uid": "727e5a3d-61b7-4c5e-9d74-06d7be54f11f"}
2026-03-19 02:10:43 | INFO     | [QUESTION_ATTEMPT] {"attempt": 53, "max_questions": 400, "question_idx": 571, "uid": "727e5a3d-61b7-4c5e-9d74-06d7be54f11f"}
2026-03-19 02:11:13 | INFO     | [QUESTION_SENT] {"question_idx": 572, "uid": "936b1cb4-5856-4e7a-98b9-f1c634baa365"}
2026-03-19 02:12:51 | INFO     | [QUESTION_ATTEMPT] {"attempt": 54, "max_questions": 400, "question_idx": 572, "uid": "936b1cb4-5856-4e7a-98b9-f1c634baa365"}
2026-03-19 02:13:20 | INFO     | [QUESTION_SENT] {"question_idx": 573, "uid": "62de0fec-b3d6-4264-8c3a-5ed342cd9fb8"}
2026-03-19 02:15:00 | INFO     | [QUESTION_ATTEMPT] {"attempt": 55, "max_questions": 400, "question_idx": 573, "uid": "62de0fec-b3d6-4264-8c3a-5ed342cd9fb8"}
2026-03-19 02:15:29 | INFO     | [QUESTION_SENT] {"question_idx": 574, "uid": "77b39512-df0b-4023-97a3-f4ad500d781f"}
2026-03-19 02:17:06 | INFO     | [QUESTION_ATTEMPT] {"attempt": 56, "max_questions": 400, "question_idx": 574, "uid": "77b39512-df0b-4023-97a3-f4ad500d781f"}
2026-03-19 02:17:56 | INFO     | [QUESTION_SENT] {"question_idx": 575, "uid": "b9761134-2a5c-4fe4-9bdd-a1aed00953be"}
2026-03-19 02:19:33 | INFO     | [QUESTION_ATTEMPT] {"attempt": 57, "max_questions": 400, "question_idx": 575, "uid": "b9761134-2a5c-4fe4-9bdd-a1aed00953be"}
2026-03-19 02:20:03 | INFO     | [QUESTION_SENT] {"question_idx": 576, "uid": "71553380-1152-41ad-a4a1-5173425d2710"}
2026-03-19 02:21:40 | INFO     | [QUESTION_ATTEMPT] {"attempt": 58, "max_questions": 400, "question_idx": 576, "uid": "71553380-1152-41ad-a4a1-5173425d2710"}
2026-03-19 02:22:09 | INFO     | [QUESTION_SENT] {"question_idx": 577, "uid": "28af62f2-053c-4c69-bb06-16e65bb92337"}
2026-03-19 02:23:49 | INFO     | [QUESTION_ATTEMPT] {"attempt": 59, "max_questions": 400, "question_idx": 577, "uid": "28af62f2-053c-4c69-bb06-16e65bb92337"}
2026-03-19 02:24:19 | INFO     | [QUESTION_SENT] {"question_idx": 578, "uid": "efffd06e-1924-4b55-ba90-4b8e6cb181a3"}
2026-03-19 02:26:21 | INFO     | [QUESTION_SENT] {"question_idx": 578, "uid": "efffd06e-1924-4b55-ba90-4b8e6cb181a3"}
2026-03-19 02:28:03 | INFO     | [QUESTION_ATTEMPT] {"attempt": 60, "max_questions": 400, "question_idx": 578, "uid": "efffd06e-1924-4b55-ba90-4b8e6cb181a3"}
2026-03-19 02:28:52 | INFO     | [QUESTION_SENT] {"question_idx": 579, "uid": "84f4ad2f-03cf-44bb-9f62-c8aab5773b3d"}
2026-03-19 02:30:30 | INFO     | [QUESTION_ATTEMPT] {"attempt": 61, "max_questions": 400, "question_idx": 579, "uid": "84f4ad2f-03cf-44bb-9f62-c8aab5773b3d"}
2026-03-19 02:31:00 | INFO     | [QUESTION_SENT] {"question_idx": 580, "uid": "9f446ab8-3546-49f1-b6e7-6c92146b37fb"}
2026-03-19 02:32:36 | INFO     | [QUESTION_ATTEMPT] {"attempt": 62, "max_questions": 400, "question_idx": 580, "uid": "9f446ab8-3546-49f1-b6e7-6c92146b37fb"}
2026-03-19 02:33:06 | INFO     | [QUESTION_SENT] {"question_idx": 581, "uid": "c99127da-2380-41c1-969d-59c72686ed11"}
2026-03-19 02:35:11 | INFO     | [QUESTION_SENT] {"question_idx": 581, "uid": "c99127da-2380-41c1-969d-59c72686ed11"}
2026-03-19 02:36:53 | INFO     | [QUESTION_ATTEMPT] {"attempt": 63, "max_questions": 400, "question_idx": 581, "uid": "c99127da-2380-41c1-969d-59c72686ed11"}
2026-03-19 02:37:23 | INFO     | [QUESTION_SENT] {"question_idx": 582, "uid": "8a7b8a5a-1fb0-4add-ba0e-061281e24c02"}
2026-03-19 02:38:59 | INFO     | [QUESTION_ATTEMPT] {"attempt": 64, "max_questions": 400, "question_idx": 582, "uid": "8a7b8a5a-1fb0-4add-ba0e-061281e24c02"}
2026-03-19 02:39:49 | INFO     | [QUESTION_SENT] {"question_idx": 583, "uid": "168ebf82-6097-402a-8cf2-c4f64d452db0"}
2026-03-19 02:41:27 | INFO     | [QUESTION_ATTEMPT] {"attempt": 65, "max_questions": 400, "question_idx": 583, "uid": "168ebf82-6097-402a-8cf2-c4f64d452db0"}
2026-03-19 02:41:56 | INFO     | [QUESTION_SENT] {"question_idx": 584, "uid": "e5b90a45-f018-4bb2-927d-e0dfc08c5eef"}
2026-03-19 02:43:58 | INFO     | [QUESTION_SENT] {"question_idx": 584, "uid": "e5b90a45-f018-4bb2-927d-e0dfc08c5eef"}
2026-03-19 02:45:41 | INFO     | [QUESTION_ATTEMPT] {"attempt": 66, "max_questions": 400, "question_idx": 584, "uid": "e5b90a45-f018-4bb2-927d-e0dfc08c5eef"}
2026-03-19 02:46:11 | INFO     | [QUESTION_SENT] {"question_idx": 585, "uid": "08fea677-7150-4269-abad-06fab6eb12f9"}
2026-03-19 02:47:51 | INFO     | [QUESTION_ATTEMPT] {"attempt": 67, "max_questions": 400, "question_idx": 585, "uid": "08fea677-7150-4269-abad-06fab6eb12f9"}
2026-03-19 02:48:21 | INFO     | [QUESTION_SENT] {"question_idx": 586, "uid": "95797d1e-ffea-4188-9b4d-5f535e63665d"}
2026-03-19 02:49:58 | INFO     | [QUESTION_ATTEMPT] {"attempt": 68, "max_questions": 400, "question_idx": 586, "uid": "95797d1e-ffea-4188-9b4d-5f535e63665d"}
2026-03-19 02:50:47 | INFO     | [QUESTION_SENT] {"question_idx": 587, "uid": "ae4db1d2-bcc3-403a-b3f9-219491d79926"}
2026-03-19 02:52:25 | INFO     | [QUESTION_ATTEMPT] {"attempt": 69, "max_questions": 400, "question_idx": 587, "uid": "ae4db1d2-bcc3-403a-b3f9-219491d79926"}
2026-03-19 02:52:54 | INFO     | [QUESTION_SENT] {"question_idx": 588, "uid": "d229c121-96c0-4fe0-ad4f-461c9d53d2e5"}
2026-03-19 02:54:31 | INFO     | [QUESTION_ATTEMPT] {"attempt": 70, "max_questions": 400, "question_idx": 588, "uid": "d229c121-96c0-4fe0-ad4f-461c9d53d2e5"}
2026-03-19 02:55:01 | INFO     | [QUESTION_SENT] {"question_idx": 589, "uid": "f496c410-1726-461a-861c-9b324f29211b"}
2026-03-19 02:56:41 | INFO     | [QUESTION_ATTEMPT] {"attempt": 71, "max_questions": 400, "question_idx": 589, "uid": "f496c410-1726-461a-861c-9b324f29211b"}
2026-03-19 02:57:10 | INFO     | [QUESTION_SENT] {"question_idx": 590, "uid": "17a9172b-fc30-45b4-89f7-5f6ee8d1ff2d"}
2026-03-19 02:58:47 | INFO     | [QUESTION_ATTEMPT] {"attempt": 72, "max_questions": 400, "question_idx": 590, "uid": "17a9172b-fc30-45b4-89f7-5f6ee8d1ff2d"}
2026-03-19 02:59:17 | INFO     | [QUESTION_SENT] {"question_idx": 591, "uid": "a7283bdb-24c1-464a-bd86-9d8e294b709d"}
2026-03-19 03:01:38 | INFO     | [QUESTION_SENT] {"question_idx": 591, "uid": "a7283bdb-24c1-464a-bd86-9d8e294b709d"}
2026-03-19 03:03:15 | INFO     | [QUESTION_ATTEMPT] {"attempt": 73, "max_questions": 400, "question_idx": 591, "uid": "a7283bdb-24c1-464a-bd86-9d8e294b709d"}
2026-03-19 03:03:44 | INFO     | [QUESTION_SENT] {"question_idx": 592, "uid": "93bd8c0e-22df-429e-8121-9a2220f14e81"}
2026-03-19 03:05:21 | INFO     | [QUESTION_ATTEMPT] {"attempt": 74, "max_questions": 400, "question_idx": 592, "uid": "93bd8c0e-22df-429e-8121-9a2220f14e81"}
2026-03-19 03:05:51 | INFO     | [QUESTION_SENT] {"question_idx": 593, "uid": "7adc5cbc-b52b-436e-9b48-8745fcdd2147"}
2026-03-19 03:07:31 | INFO     | [QUESTION_ATTEMPT] {"attempt": 75, "max_questions": 400, "question_idx": 593, "uid": "7adc5cbc-b52b-436e-9b48-8745fcdd2147"}
2026-03-19 03:08:01 | INFO     | [QUESTION_SENT] {"question_idx": 594, "uid": "648149e2-f878-4105-970c-2e83bb94c93f"}
2026-03-19 03:09:41 | INFO     | [QUESTION_ATTEMPT] {"attempt": 76, "max_questions": 400, "question_idx": 594, "uid": "648149e2-f878-4105-970c-2e83bb94c93f"}
2026-03-19 03:10:11 | INFO     | [QUESTION_SENT] {"question_idx": 595, "uid": "a10b7009-3bb7-49df-be3e-098a5316dcb5"}
2026-03-19 03:11:47 | INFO     | [QUESTION_ATTEMPT] {"attempt": 77, "max_questions": 400, "question_idx": 595, "uid": "a10b7009-3bb7-49df-be3e-098a5316dcb5"}
2026-03-19 03:12:37 | INFO     | [QUESTION_SENT] {"question_idx": 596, "uid": "293fc15c-2cea-4698-be6a-8c4d28f3ded8"}
2026-03-19 03:14:15 | INFO     | [QUESTION_ATTEMPT] {"attempt": 78, "max_questions": 400, "question_idx": 596, "uid": "293fc15c-2cea-4698-be6a-8c4d28f3ded8"}
2026-03-19 03:14:44 | INFO     | [QUESTION_SENT] {"question_idx": 597, "uid": "c46864b4-de4b-47bf-a55f-0fe07f670309"}
2026-03-19 03:16:21 | INFO     | [QUESTION_ATTEMPT] {"attempt": 79, "max_questions": 400, "question_idx": 597, "uid": "c46864b4-de4b-47bf-a55f-0fe07f670309"}
2026-03-19 03:16:51 | INFO     | [QUESTION_SENT] {"question_idx": 598, "uid": "ee2192b1-4580-4c9f-ba62-a1d1c8a27904"}
2026-03-19 03:18:30 | INFO     | [QUESTION_ATTEMPT] {"attempt": 80, "max_questions": 400, "question_idx": 598, "uid": "ee2192b1-4580-4c9f-ba62-a1d1c8a27904"}
2026-03-19 03:19:00 | INFO     | [QUESTION_SENT] {"question_idx": 599, "uid": "8b7e2ef8-9adf-42ed-a74d-319b50bb9b0a"}
2026-03-19 03:20:37 | INFO     | [QUESTION_ATTEMPT] {"attempt": 81, "max_questions": 400, "question_idx": 599, "uid": "8b7e2ef8-9adf-42ed-a74d-319b50bb9b0a"}
2026-03-19 03:21:07 | INFO     | [QUESTION_SENT] {"question_idx": 600, "uid": "02472255-22ff-4887-8a81-dacb4b704054"}
2026-03-19 03:22:43 | INFO     | [QUESTION_ATTEMPT] {"attempt": 82, "max_questions": 400, "question_idx": 600, "uid": "02472255-22ff-4887-8a81-dacb4b704054"}
2026-03-19 03:23:33 | INFO     | [QUESTION_SENT] {"question_idx": 601, "uid": "79cab366-aa07-4e02-bd2c-dc32ec2700d8"}
2026-03-19 03:25:11 | INFO     | [QUESTION_ATTEMPT] {"attempt": 83, "max_questions": 400, "question_idx": 601, "uid": "79cab366-aa07-4e02-bd2c-dc32ec2700d8"}
2026-03-19 03:25:40 | INFO     | [QUESTION_SENT] {"question_idx": 602, "uid": "6557d156-8bb6-4169-acd6-d779da48915d"}
2026-03-19 03:27:17 | INFO     | [QUESTION_ATTEMPT] {"attempt": 84, "max_questions": 400, "question_idx": 602, "uid": "6557d156-8bb6-4169-acd6-d779da48915d"}
2026-03-19 03:27:47 | INFO     | [QUESTION_SENT] {"question_idx": 603, "uid": "8bcf3f3f-8bff-4846-af27-ffed3f7f6b5f"}
2026-03-19 03:29:26 | INFO     | [QUESTION_ATTEMPT] {"attempt": 85, "max_questions": 400, "question_idx": 603, "uid": "8bcf3f3f-8bff-4846-af27-ffed3f7f6b5f"}
2026-03-19 03:29:56 | INFO     | [QUESTION_SENT] {"question_idx": 604, "uid": "41713048-d1a8-4a8a-ba87-6b111f5383ee"}
2026-03-19 03:31:33 | INFO     | [QUESTION_ATTEMPT] {"attempt": 86, "max_questions": 400, "question_idx": 604, "uid": "41713048-d1a8-4a8a-ba87-6b111f5383ee"}
2026-03-19 03:32:03 | INFO     | [QUESTION_SENT] {"question_idx": 605, "uid": "a9314377-499f-4fd7-b22e-b7802ada0b86"}
2026-03-19 03:33:39 | INFO     | [QUESTION_ATTEMPT] {"attempt": 87, "max_questions": 400, "question_idx": 605, "uid": "a9314377-499f-4fd7-b22e-b7802ada0b86"}
2026-03-19 03:34:29 | INFO     | [QUESTION_SENT] {"question_idx": 606, "uid": "5066a7ba-3eda-442a-91a5-e806d4151ef7"}
2026-03-19 03:36:07 | INFO     | [QUESTION_ATTEMPT] {"attempt": 88, "max_questions": 400, "question_idx": 606, "uid": "5066a7ba-3eda-442a-91a5-e806d4151ef7"}
2026-03-19 03:36:36 | INFO     | [QUESTION_SENT] {"question_idx": 607, "uid": "5e9212f1-6751-4137-9a9f-700ea4f400c4"}
2026-03-19 03:38:13 | INFO     | [QUESTION_ATTEMPT] {"attempt": 89, "max_questions": 400, "question_idx": 607, "uid": "5e9212f1-6751-4137-9a9f-700ea4f400c4"}
2026-03-19 03:38:43 | INFO     | [QUESTION_SENT] {"question_idx": 608, "uid": "f9936eac-04be-4806-8297-286059810a5b"}
2026-03-19 03:40:22 | INFO     | [QUESTION_ATTEMPT] {"attempt": 90, "max_questions": 400, "question_idx": 608, "uid": "f9936eac-04be-4806-8297-286059810a5b"}
2026-03-19 03:40:52 | INFO     | [QUESTION_SENT] {"question_idx": 609, "uid": "84401a52-6b72-481b-88cc-a9d1d01f78f3"}
2026-03-19 03:42:29 | INFO     | [QUESTION_ATTEMPT] {"attempt": 91, "max_questions": 400, "question_idx": 609, "uid": "84401a52-6b72-481b-88cc-a9d1d01f78f3"}
2026-03-19 03:42:59 | INFO     | [QUESTION_SENT] {"question_idx": 610, "uid": "862c5957-faec-4344-a6f0-27cf3bd913ac"}
2026-03-19 03:44:35 | INFO     | [QUESTION_ATTEMPT] {"attempt": 92, "max_questions": 400, "question_idx": 610, "uid": "862c5957-faec-4344-a6f0-27cf3bd913ac"}
2026-03-19 03:45:25 | INFO     | [QUESTION_SENT] {"question_idx": 611, "uid": "684becfb-3734-493b-93b0-a61fa9d91b6f"}
2026-03-19 03:47:03 | INFO     | [QUESTION_ATTEMPT] {"attempt": 93, "max_questions": 400, "question_idx": 611, "uid": "684becfb-3734-493b-93b0-a61fa9d91b6f"}
2026-03-19 03:47:32 | INFO     | [QUESTION_SENT] {"question_idx": 612, "uid": "7b9acef3-c502-4c44-8d18-ccd4f93fd769"}
2026-03-19 03:49:09 | INFO     | [QUESTION_ATTEMPT] {"attempt": 94, "max_questions": 400, "question_idx": 612, "uid": "7b9acef3-c502-4c44-8d18-ccd4f93fd769"}
2026-03-19 03:49:39 | INFO     | [QUESTION_SENT] {"question_idx": 613, "uid": "5df92249-cfcc-44be-88aa-6736640ca9bd"}
2026-03-19 03:51:19 | INFO     | [QUESTION_ATTEMPT] {"attempt": 95, "max_questions": 400, "question_idx": 613, "uid": "5df92249-cfcc-44be-88aa-6736640ca9bd"}
2026-03-19 03:51:48 | INFO     | [QUESTION_SENT] {"question_idx": 614, "uid": "4a6a4d7e-3c39-4853-945e-14828ff7f9a3"}
2026-03-19 03:53:25 | INFO     | [QUESTION_ATTEMPT] {"attempt": 96, "max_questions": 400, "question_idx": 614, "uid": "4a6a4d7e-3c39-4853-945e-14828ff7f9a3"}
2026-03-19 03:53:55 | INFO     | [QUESTION_SENT] {"question_idx": 615, "uid": "c34253ec-50b2-420e-8f7d-b16b8ce7c486"}
2026-03-19 03:55:31 | INFO     | [QUESTION_ATTEMPT] {"attempt": 97, "max_questions": 400, "question_idx": 615, "uid": "c34253ec-50b2-420e-8f7d-b16b8ce7c486"}
2026-03-19 03:56:21 | INFO     | [QUESTION_SENT] {"question_idx": 616, "uid": "a23f41e9-3b52-4847-a5b8-ba8b39c7cb32"}
2026-03-19 03:58:24 | INFO     | [QUESTION_SENT] {"question_idx": 616, "uid": "a23f41e9-3b52-4847-a5b8-ba8b39c7cb32"}
2026-03-19 04:00:01 | INFO     | [QUESTION_ATTEMPT] {"attempt": 98, "max_questions": 400, "question_idx": 616, "uid": "a23f41e9-3b52-4847-a5b8-ba8b39c7cb32"}
2026-03-19 04:00:31 | INFO     | [QUESTION_SENT] {"question_idx": 617, "uid": "d083d8e9-5f7d-43cf-adbb-2cf3c5be7a6c"}
2026-03-19 04:02:14 | INFO     | [QUESTION_ATTEMPT] {"attempt": 99, "max_questions": 400, "question_idx": 617, "uid": "d083d8e9-5f7d-43cf-adbb-2cf3c5be7a6c"}
2026-03-19 04:02:43 | INFO     | [QUESTION_SENT] {"question_idx": 618, "uid": "90aa9a6c-4980-4cd2-be84-e1aa21971310"}
2026-03-19 04:04:23 | INFO     | [QUESTION_ATTEMPT] {"attempt": 100, "max_questions": 400, "question_idx": 618, "uid": "90aa9a6c-4980-4cd2-be84-e1aa21971310"}
2026-03-19 04:04:53 | INFO     | [QUESTION_SENT] {"question_idx": 619, "uid": "5d633087-4320-4122-be0b-45c781dcfce0"}
2026-03-19 04:06:30 | INFO     | [QUESTION_ATTEMPT] {"attempt": 101, "max_questions": 400, "question_idx": 619, "uid": "5d633087-4320-4122-be0b-45c781dcfce0"}
2026-03-19 04:07:20 | INFO     | [QUESTION_SENT] {"question_idx": 620, "uid": "8d59c6fc-2311-4a46-85bb-6c52037af665"}
2026-03-19 04:08:58 | INFO     | [QUESTION_ATTEMPT] {"attempt": 102, "max_questions": 400, "question_idx": 620, "uid": "8d59c6fc-2311-4a46-85bb-6c52037af665"}
2026-03-19 04:09:27 | INFO     | [QUESTION_SENT] {"question_idx": 621, "uid": "1d3f5c79-88d7-488c-887a-57dfaffad147"}
2026-03-19 04:11:04 | INFO     | [QUESTION_ATTEMPT] {"attempt": 103, "max_questions": 400, "question_idx": 621, "uid": "1d3f5c79-88d7-488c-887a-57dfaffad147"}
2026-03-19 04:11:34 | INFO     | [QUESTION_SENT] {"question_idx": 622, "uid": "6fe00705-f046-4528-bad8-4e4ac7334185"}
2026-03-19 04:13:10 | INFO     | [QUESTION_ATTEMPT] {"attempt": 104, "max_questions": 400, "question_idx": 622, "uid": "6fe00705-f046-4528-bad8-4e4ac7334185"}
2026-03-19 04:13:40 | INFO     | [QUESTION_SENT] {"question_idx": 623, "uid": "9e8f7093-328e-42b0-8581-68163dbf01d1"}
2026-03-19 04:15:17 | INFO     | [QUESTION_ATTEMPT] {"attempt": 105, "max_questions": 400, "question_idx": 623, "uid": "9e8f7093-328e-42b0-8581-68163dbf01d1"}
2026-03-19 04:15:46 | INFO     | [QUESTION_SENT] {"question_idx": 624, "uid": "09ad1980-4c2c-46ad-bfe4-24d46e63686c"}
2026-03-19 04:17:23 | INFO     | [QUESTION_ATTEMPT] {"attempt": 106, "max_questions": 400, "question_idx": 624, "uid": "09ad1980-4c2c-46ad-bfe4-24d46e63686c"}
2026-03-19 04:18:10 | INFO     | [QUESTION_SENT] {"question_idx": 625, "uid": "ecceb607-4ebc-4861-aa31-78fd15a6be8a"}
2026-03-19 04:19:47 | INFO     | [QUESTION_ATTEMPT] {"attempt": 107, "max_questions": 400, "question_idx": 625, "uid": "ecceb607-4ebc-4861-aa31-78fd15a6be8a"}
2026-03-19 04:20:17 | INFO     | [QUESTION_SENT] {"question_idx": 626, "uid": "b28c383e-c8dc-478f-9cc5-6c99efecc47e"}
2026-03-19 04:21:54 | INFO     | [QUESTION_ATTEMPT] {"attempt": 108, "max_questions": 400, "question_idx": 626, "uid": "b28c383e-c8dc-478f-9cc5-6c99efecc47e"}
2026-03-19 04:22:23 | INFO     | [QUESTION_SENT] {"question_idx": 627, "uid": "a0007c39-52eb-4f7c-bbb8-11f0104229e7"}
2026-03-19 04:24:03 | INFO     | [QUESTION_ATTEMPT] {"attempt": 109, "max_questions": 400, "question_idx": 627, "uid": "a0007c39-52eb-4f7c-bbb8-11f0104229e7"}
2026-03-19 04:24:33 | INFO     | [QUESTION_SENT] {"question_idx": 628, "uid": "fc7a9688-0a42-4a7f-9cfd-ff6fb17dfdec"}
2026-03-19 04:26:09 | INFO     | [QUESTION_ATTEMPT] {"attempt": 110, "max_questions": 400, "question_idx": 628, "uid": "fc7a9688-0a42-4a7f-9cfd-ff6fb17dfdec"}
2026-03-19 04:26:39 | INFO     | [QUESTION_SENT] {"question_idx": 629, "uid": "7d4cd72f-bf80-44a7-9ae3-a621e77a08c0"}
2026-03-19 04:28:16 | INFO     | [QUESTION_ATTEMPT] {"attempt": 111, "max_questions": 400, "question_idx": 629, "uid": "7d4cd72f-bf80-44a7-9ae3-a621e77a08c0"}
2026-03-19 04:29:03 | INFO     | [QUESTION_SENT] {"question_idx": 630, "uid": "e541e037-6d78-4893-a96f-d5376630a5e9"}
2026-03-19 04:30:40 | INFO     | [QUESTION_ATTEMPT] {"attempt": 112, "max_questions": 400, "question_idx": 630, "uid": "e541e037-6d78-4893-a96f-d5376630a5e9"}
2026-03-19 04:31:10 | INFO     | [QUESTION_SENT] {"question_idx": 631, "uid": "abb6bc4d-fe7e-414b-a519-018f91df3610"}
2026-03-19 04:32:46 | INFO     | [QUESTION_ATTEMPT] {"attempt": 113, "max_questions": 400, "question_idx": 631, "uid": "abb6bc4d-fe7e-414b-a519-018f91df3610"}
2026-03-19 04:33:16 | INFO     | [QUESTION_SENT] {"question_idx": 632, "uid": "29617cec-f25f-4ba5-b336-e9dac98f292f"}
2026-03-19 04:34:56 | INFO     | [QUESTION_ATTEMPT] {"attempt": 114, "max_questions": 400, "question_idx": 632, "uid": "29617cec-f25f-4ba5-b336-e9dac98f292f"}
2026-03-19 04:35:25 | INFO     | [QUESTION_SENT] {"question_idx": 633, "uid": "7b1aa0d2-f525-4533-96fa-633a8f963a57"}
2026-03-19 04:37:02 | INFO     | [QUESTION_ATTEMPT] {"attempt": 115, "max_questions": 400, "question_idx": 633, "uid": "7b1aa0d2-f525-4533-96fa-633a8f963a57"}
2026-03-19 04:37:32 | INFO     | [QUESTION_SENT] {"question_idx": 634, "uid": "4dc3fd42-da78-4866-8073-3d3a3ff1bfcc"}
2026-03-19 04:39:08 | INFO     | [QUESTION_ATTEMPT] {"attempt": 116, "max_questions": 400, "question_idx": 634, "uid": "4dc3fd42-da78-4866-8073-3d3a3ff1bfcc"}
2026-03-19 04:39:56 | INFO     | [QUESTION_SENT] {"question_idx": 635, "uid": "06840abb-e3a7-4400-a320-ee8986e3aeb7"}
2026-03-19 04:41:32 | INFO     | [QUESTION_ATTEMPT] {"attempt": 117, "max_questions": 400, "question_idx": 635, "uid": "06840abb-e3a7-4400-a320-ee8986e3aeb7"}
2026-03-19 04:42:02 | INFO     | [QUESTION_SENT] {"question_idx": 636, "uid": "a7e3309e-04b0-4b3f-b51e-8fbca658d60a"}
2026-03-19 04:43:39 | INFO     | [QUESTION_ATTEMPT] {"attempt": 118, "max_questions": 400, "question_idx": 636, "uid": "a7e3309e-04b0-4b3f-b51e-8fbca658d60a"}
2026-03-19 04:44:09 | INFO     | [QUESTION_SENT] {"question_idx": 637, "uid": "9306a78b-9db9-4bf0-92a1-3149ae5b9536"}
2026-03-19 04:45:48 | INFO     | [QUESTION_ATTEMPT] {"attempt": 119, "max_questions": 400, "question_idx": 637, "uid": "9306a78b-9db9-4bf0-92a1-3149ae5b9536"}
2026-03-19 04:46:18 | INFO     | [QUESTION_SENT] {"question_idx": 638, "uid": "46a16d1a-3b60-4b67-be9d-07a36f434859"}
2026-03-19 04:47:55 | INFO     | [QUESTION_ATTEMPT] {"attempt": 120, "max_questions": 400, "question_idx": 638, "uid": "46a16d1a-3b60-4b67-be9d-07a36f434859"}
2026-03-19 04:48:24 | INFO     | [QUESTION_SENT] {"question_idx": 639, "uid": "27cee326-7a95-459b-9629-39a87bcaebfa"}
2026-03-19 04:50:01 | INFO     | [QUESTION_ATTEMPT] {"attempt": 121, "max_questions": 400, "question_idx": 639, "uid": "27cee326-7a95-459b-9629-39a87bcaebfa"}
2026-03-19 04:50:49 | INFO     | [QUESTION_SENT] {"question_idx": 640, "uid": "3bc0cb6d-d357-49b8-8f5a-808a6fc8b6a5"}
2026-03-19 04:52:25 | INFO     | [QUESTION_ATTEMPT] {"attempt": 122, "max_questions": 400, "question_idx": 640, "uid": "3bc0cb6d-d357-49b8-8f5a-808a6fc8b6a5"}
2026-03-19 04:52:55 | INFO     | [QUESTION_SENT] {"question_idx": 641, "uid": "211d5367-01fe-4429-8577-32207777b70e"}
2026-03-19 04:54:32 | INFO     | [QUESTION_ATTEMPT] {"attempt": 123, "max_questions": 400, "question_idx": 641, "uid": "211d5367-01fe-4429-8577-32207777b70e"}
2026-03-19 04:55:01 | INFO     | [QUESTION_SENT] {"question_idx": 642, "uid": "ef6fed4a-4ab1-46b6-be8e-4b8fec14f0e8"}
2026-03-19 04:56:41 | INFO     | [QUESTION_ATTEMPT] {"attempt": 124, "max_questions": 400, "question_idx": 642, "uid": "ef6fed4a-4ab1-46b6-be8e-4b8fec14f0e8"}
2026-03-19 04:57:11 | INFO     | [QUESTION_SENT] {"question_idx": 643, "uid": "10d7223e-024e-48a6-a8aa-7fdd220ce47c"}
2026-03-19 04:58:47 | INFO     | [QUESTION_ATTEMPT] {"attempt": 125, "max_questions": 400, "question_idx": 643, "uid": "10d7223e-024e-48a6-a8aa-7fdd220ce47c"}
2026-03-19 04:59:17 | INFO     | [QUESTION_SENT] {"question_idx": 644, "uid": "560c670b-65f4-4e66-bd40-add9668595a7"}
2026-03-19 05:00:54 | INFO     | [QUESTION_ATTEMPT] {"attempt": 126, "max_questions": 400, "question_idx": 644, "uid": "560c670b-65f4-4e66-bd40-add9668595a7"}
2026-03-19 05:01:41 | INFO     | [QUESTION_SENT] {"question_idx": 645, "uid": "a51a6d4d-ba7c-4e33-a613-3c90a225107f"}
2026-03-19 05:03:18 | INFO     | [QUESTION_ATTEMPT] {"attempt": 127, "max_questions": 400, "question_idx": 645, "uid": "a51a6d4d-ba7c-4e33-a613-3c90a225107f"}
2026-03-19 05:03:48 | INFO     | [QUESTION_SENT] {"question_idx": 646, "uid": "c29662d8-5e8e-4783-b8a2-db30edac71ed"}
2026-03-19 05:05:24 | INFO     | [QUESTION_ATTEMPT] {"attempt": 128, "max_questions": 400, "question_idx": 646, "uid": "c29662d8-5e8e-4783-b8a2-db30edac71ed"}
2026-03-19 05:05:54 | INFO     | [QUESTION_SENT] {"question_idx": 647, "uid": "ade3f91c-9abd-4baf-a797-a2f724a255a5"}
2026-03-19 05:07:34 | INFO     | [QUESTION_ATTEMPT] {"attempt": 129, "max_questions": 400, "question_idx": 647, "uid": "ade3f91c-9abd-4baf-a797-a2f724a255a5"}
2026-03-19 05:08:04 | INFO     | [QUESTION_SENT] {"question_idx": 648, "uid": "7ddf1cac-f97a-4233-a3b7-958d2a563cb6"}
2026-03-19 05:09:40 | INFO     | [QUESTION_ATTEMPT] {"attempt": 130, "max_questions": 400, "question_idx": 648, "uid": "7ddf1cac-f97a-4233-a3b7-958d2a563cb6"}
2026-03-19 05:10:10 | INFO     | [QUESTION_SENT] {"question_idx": 649, "uid": "c2b9d535-1d3b-4f7e-9b4e-64845f77b27f"}
2026-03-19 05:11:47 | INFO     | [QUESTION_ATTEMPT] {"attempt": 131, "max_questions": 400, "question_idx": 649, "uid": "c2b9d535-1d3b-4f7e-9b4e-64845f77b27f"}
2026-03-19 05:12:34 | INFO     | [QUESTION_SENT] {"question_idx": 650, "uid": "b37c8f14-b8e1-44a9-bf3b-1d45bfcfc9c8"}
2026-03-19 05:14:11 | INFO     | [QUESTION_ATTEMPT] {"attempt": 132, "max_questions": 400, "question_idx": 650, "uid": "b37c8f14-b8e1-44a9-bf3b-1d45bfcfc9c8"}
2026-03-19 05:14:40 | INFO     | [QUESTION_SENT] {"question_idx": 651, "uid": "e47fab04-3dbb-4177-8f42-1a62ef8f4156"}
2026-03-19 05:16:17 | INFO     | [QUESTION_ATTEMPT] {"attempt": 133, "max_questions": 400, "question_idx": 651, "uid": "e47fab04-3dbb-4177-8f42-1a62ef8f4156"}
2026-03-19 05:16:47 | INFO     | [QUESTION_SENT] {"question_idx": 652, "uid": "f5eecf65-427f-4362-9c57-daf8383088ba"}
2026-03-19 05:18:27 | INFO     | [QUESTION_ATTEMPT] {"attempt": 134, "max_questions": 400, "question_idx": 652, "uid": "f5eecf65-427f-4362-9c57-daf8383088ba"}
2026-03-19 05:18:56 | INFO     | [QUESTION_SENT] {"question_idx": 653, "uid": "8e0861c1-c135-49f3-ab52-eaf63fa31ba9"}
2026-03-19 05:20:33 | INFO     | [QUESTION_ATTEMPT] {"attempt": 135, "max_questions": 400, "question_idx": 653, "uid": "8e0861c1-c135-49f3-ab52-eaf63fa31ba9"}
2026-03-19 05:21:03 | INFO     | [QUESTION_SENT] {"question_idx": 654, "uid": "f0d1c371-91b2-4c90-8912-d25db5fb221b"}
2026-03-19 05:22:39 | INFO     | [QUESTION_ATTEMPT] {"attempt": 136, "max_questions": 400, "question_idx": 654, "uid": "f0d1c371-91b2-4c90-8912-d25db5fb221b"}
2026-03-19 05:23:27 | INFO     | [QUESTION_SENT] {"question_idx": 655, "uid": "b2936286-34b7-4b9f-9005-16226748d3b0"}
2026-03-19 05:25:04 | INFO     | [QUESTION_ATTEMPT] {"attempt": 137, "max_questions": 400, "question_idx": 655, "uid": "b2936286-34b7-4b9f-9005-16226748d3b0"}
2026-03-19 05:25:33 | INFO     | [QUESTION_SENT] {"question_idx": 656, "uid": "440131b4-7742-4514-b063-499257ca6937"}
2026-03-19 05:27:10 | INFO     | [QUESTION_ATTEMPT] {"attempt": 138, "max_questions": 400, "question_idx": 656, "uid": "440131b4-7742-4514-b063-499257ca6937"}
2026-03-19 05:27:40 | INFO     | [QUESTION_SENT] {"question_idx": 657, "uid": "0fcea8de-bb49-4832-8987-aa4f47b74123"}
2026-03-19 05:29:20 | INFO     | [QUESTION_ATTEMPT] {"attempt": 139, "max_questions": 400, "question_idx": 657, "uid": "0fcea8de-bb49-4832-8987-aa4f47b74123"}
2026-03-19 05:29:49 | INFO     | [QUESTION_SENT] {"question_idx": 658, "uid": "34d75849-a4c5-463f-91f6-1ae75bc5b2fc"}
2026-03-19 05:31:26 | INFO     | [QUESTION_ATTEMPT] {"attempt": 140, "max_questions": 400, "question_idx": 658, "uid": "34d75849-a4c5-463f-91f6-1ae75bc5b2fc"}
2026-03-19 05:31:56 | INFO     | [QUESTION_SENT] {"question_idx": 659, "uid": "1b56ce11-726b-446c-bf0b-f194ccf58a93"}
2026-03-19 05:33:32 | INFO     | [QUESTION_ATTEMPT] {"attempt": 141, "max_questions": 400, "question_idx": 659, "uid": "1b56ce11-726b-446c-bf0b-f194ccf58a93"}
2026-03-19 05:34:20 | INFO     | [QUESTION_SENT] {"question_idx": 660, "uid": "946fe924-27e1-4ff0-bedc-a10f482bb690"}
2026-03-19 05:35:56 | INFO     | [QUESTION_ATTEMPT] {"attempt": 142, "max_questions": 400, "question_idx": 660, "uid": "946fe924-27e1-4ff0-bedc-a10f482bb690"}
2026-03-19 05:36:26 | INFO     | [QUESTION_SENT] {"question_idx": 661, "uid": "b1965104-565b-471a-95eb-aec7be2ddc1d"}
2026-03-19 05:38:03 | INFO     | [QUESTION_ATTEMPT] {"attempt": 143, "max_questions": 400, "question_idx": 661, "uid": "b1965104-565b-471a-95eb-aec7be2ddc1d"}
2026-03-19 05:38:32 | INFO     | [QUESTION_SENT] {"question_idx": 662, "uid": "e7bb1154-e03e-45fe-a4e3-aaeedfb69b16"}
2026-03-19 05:40:12 | INFO     | [QUESTION_ATTEMPT] {"attempt": 144, "max_questions": 400, "question_idx": 662, "uid": "e7bb1154-e03e-45fe-a4e3-aaeedfb69b16"}
2026-03-19 05:40:42 | INFO     | [QUESTION_SENT] {"question_idx": 663, "uid": "659a8cf0-f5c0-44aa-aba1-7e9352193dc2"}
2026-03-19 05:42:19 | INFO     | [QUESTION_ATTEMPT] {"attempt": 145, "max_questions": 400, "question_idx": 663, "uid": "659a8cf0-f5c0-44aa-aba1-7e9352193dc2"}
2026-03-19 05:42:48 | INFO     | [QUESTION_SENT] {"question_idx": 664, "uid": "6a8cacc5-df83-4c38-8ce7-d9ee2ded09bd"}
2026-03-19 05:44:25 | INFO     | [QUESTION_ATTEMPT] {"attempt": 146, "max_questions": 400, "question_idx": 664, "uid": "6a8cacc5-df83-4c38-8ce7-d9ee2ded09bd"}
2026-03-19 05:45:13 | INFO     | [QUESTION_SENT] {"question_idx": 665, "uid": "24fbd2e2-6882-456d-87c6-a198a73b143e"}
2026-03-19 05:46:49 | INFO     | [QUESTION_ATTEMPT] {"attempt": 147, "max_questions": 400, "question_idx": 665, "uid": "24fbd2e2-6882-456d-87c6-a198a73b143e"}
2026-03-19 05:47:19 | INFO     | [QUESTION_SENT] {"question_idx": 666, "uid": "7376c353-ab47-4b89-9ca4-cd0a1042e689"}
2026-03-19 05:48:55 | INFO     | [QUESTION_ATTEMPT] {"attempt": 148, "max_questions": 400, "question_idx": 666, "uid": "7376c353-ab47-4b89-9ca4-cd0a1042e689"}
2026-03-19 05:49:25 | INFO     | [QUESTION_SENT] {"question_idx": 667, "uid": "3ac2fc0b-4cee-4885-b4a3-ac3d2d8441b4"}
2026-03-19 05:51:05 | INFO     | [QUESTION_ATTEMPT] {"attempt": 149, "max_questions": 400, "question_idx": 667, "uid": "3ac2fc0b-4cee-4885-b4a3-ac3d2d8441b4"}
2026-03-19 05:51:35 | INFO     | [QUESTION_SENT] {"question_idx": 667, "uid": "3ac2fc0b-4cee-4885-b4a3-ac3d2d8441b4"}
2026-03-19 05:53:12 | INFO     | [QUESTION_ATTEMPT] {"attempt": 150, "max_questions": 400, "question_idx": 667, "uid": "3ac2fc0b-4cee-4885-b4a3-ac3d2d8441b4"}
2026-03-19 05:53:42 | INFO     | [QUESTION_SENT] {"question_idx": 667, "uid": "3ac2fc0b-4cee-4885-b4a3-ac3d2d8441b4"}
2026-03-19 05:55:18 | INFO     | [QUESTION_ATTEMPT] {"attempt": 151, "max_questions": 400, "question_idx": 667, "uid": "3ac2fc0b-4cee-4885-b4a3-ac3d2d8441b4"}
2026-03-19 05:56:06 | INFO     | [QUESTION_SENT] {"question_idx": 667, "uid": "3ac2fc0b-4cee-4885-b4a3-ac3d2d8441b4"}
2026-03-19 05:57:42 | INFO     | [QUESTION_ATTEMPT] {"attempt": 152, "max_questions": 400, "question_idx": 667, "uid": "3ac2fc0b-4cee-4885-b4a3-ac3d2d8441b4"}
2026-03-19 05:58:12 | INFO     | [QUESTION_SENT] {"question_idx": 667, "uid": "3ac2fc0b-4cee-4885-b4a3-ac3d2d8441b4"}
2026-03-19 05:59:49 | INFO     | [QUESTION_ATTEMPT] {"attempt": 153, "max_questions": 400, "question_idx": 667, "uid": "3ac2fc0b-4cee-4885-b4a3-ac3d2d8441b4"}
2026-03-19 06:00:19 | INFO     | [QUESTION_SENT] {"question_idx": 667, "uid": "3ac2fc0b-4cee-4885-b4a3-ac3d2d8441b4"}
2026-03-19 06:01:55 | INFO     | [QUESTION_ATTEMPT] {"attempt": 154, "max_questions": 400, "question_idx": 667, "uid": "3ac2fc0b-4cee-4885-b4a3-ac3d2d8441b4"}
2026-03-19 06:02:25 | INFO     | [QUESTION_SENT] {"question_idx": 667, "uid": "3ac2fc0b-4cee-4885-b4a3-ac3d2d8441b4"}
2026-03-19 06:04:01 | INFO     | [QUESTION_ATTEMPT] {"attempt": 155, "max_questions": 400, "question_idx": 667, "uid": "3ac2fc0b-4cee-4885-b4a3-ac3d2d8441b4"}
2026-03-19 06:04:31 | INFO     | [QUESTION_SENT] {"question_idx": 667, "uid": "3ac2fc0b-4cee-4885-b4a3-ac3d2d8441b4"}
2026-03-19 06:06:08 | INFO     | [QUESTION_ATTEMPT] {"attempt": 156, "max_questions": 400, "question_idx": 667, "uid": "3ac2fc0b-4cee-4885-b4a3-ac3d2d8441b4"}
2026-03-19 06:06:55 | INFO     | [QUESTION_SENT] {"question_idx": 667, "uid": "3ac2fc0b-4cee-4885-b4a3-ac3d2d8441b4"}
2026-03-19 06:08:32 | INFO     | [QUESTION_ATTEMPT] {"attempt": 157, "max_questions": 400, "question_idx": 667, "uid": "3ac2fc0b-4cee-4885-b4a3-ac3d2d8441b4"}
2026-03-19 06:09:01 | INFO     | [QUESTION_SENT] {"question_idx": 667, "uid": "3ac2fc0b-4cee-4885-b4a3-ac3d2d8441b4"}
2026-03-19 06:10:38 | INFO     | [QUESTION_ATTEMPT] {"attempt": 158, "max_questions": 400, "question_idx": 667, "uid": "3ac2fc0b-4cee-4885-b4a3-ac3d2d8441b4"}
2026-03-19 06:11:08 | INFO     | [QUESTION_SENT] {"question_idx": 667, "uid": "3ac2fc0b-4cee-4885-b4a3-ac3d2d8441b4"}
2026-03-19 06:12:46 | INFO     | [QUESTION_ATTEMPT] {"attempt": 159, "max_questions": 400, "question_idx": 667, "uid": "3ac2fc0b-4cee-4885-b4a3-ac3d2d8441b4"}
2026-03-19 06:13:16 | INFO     | [QUESTION_SENT] {"question_idx": 667, "uid": "3ac2fc0b-4cee-4885-b4a3-ac3d2d8441b4"}
2026-03-19 06:14:53 | INFO     | [QUESTION_ATTEMPT] {"attempt": 160, "max_questions": 400, "question_idx": 667, "uid": "3ac2fc0b-4cee-4885-b4a3-ac3d2d8441b4"}
2026-03-19 06:15:23 | INFO     | [QUESTION_SENT] {"question_idx": 667, "uid": "3ac2fc0b-4cee-4885-b4a3-ac3d2d8441b4"}
2026-03-19 06:17:00 | INFO     | [QUESTION_ATTEMPT] {"attempt": 161, "max_questions": 400, "question_idx": 667, "uid": "3ac2fc0b-4cee-4885-b4a3-ac3d2d8441b4"}
2026-03-19 06:17:47 | INFO     | [QUESTION_SENT] {"question_idx": 667, "uid": "3ac2fc0b-4cee-4885-b4a3-ac3d2d8441b4"}
2026-03-19 06:19:24 | INFO     | [QUESTION_ATTEMPT] {"attempt": 162, "max_questions": 400, "question_idx": 667, "uid": "3ac2fc0b-4cee-4885-b4a3-ac3d2d8441b4"}
2026-03-19 06:19:53 | INFO     | [QUESTION_SENT] {"question_idx": 667, "uid": "3ac2fc0b-4cee-4885-b4a3-ac3d2d8441b4"}
2026-03-19 06:21:30 | INFO     | [QUESTION_ATTEMPT] {"attempt": 163, "max_questions": 400, "question_idx": 667, "uid": "3ac2fc0b-4cee-4885-b4a3-ac3d2d8441b4"}
2026-03-19 06:22:00 | INFO     | [QUESTION_SENT] {"question_idx": 667, "uid": "3ac2fc0b-4cee-4885-b4a3-ac3d2d8441b4"}
2026-03-19 06:23:36 | INFO     | [QUESTION_ATTEMPT] {"attempt": 164, "max_questions": 400, "question_idx": 667, "uid": "3ac2fc0b-4cee-4885-b4a3-ac3d2d8441b4"}
2026-03-19 06:24:06 | INFO     | [QUESTION_SENT] {"question_idx": 667, "uid": "3ac2fc0b-4cee-4885-b4a3-ac3d2d8441b4"}
2026-03-19 06:25:43 | INFO     | [QUESTION_ATTEMPT] {"attempt": 165, "max_questions": 400, "question_idx": 667, "uid": "3ac2fc0b-4cee-4885-b4a3-ac3d2d8441b4"}
2026-03-19 06:26:12 | INFO     | [QUESTION_SENT] {"question_idx": 667, "uid": "3ac2fc0b-4cee-4885-b4a3-ac3d2d8441b4"}
2026-03-19 06:27:49 | INFO     | [QUESTION_ATTEMPT] {"attempt": 166, "max_questions": 400, "question_idx": 667, "uid": "3ac2fc0b-4cee-4885-b4a3-ac3d2d8441b4"}
2026-03-19 06:28:36 | INFO     | [QUESTION_SENT] {"question_idx": 667, "uid": "3ac2fc0b-4cee-4885-b4a3-ac3d2d8441b4"}
2026-03-19 06:30:13 | INFO     | [QUESTION_ATTEMPT] {"attempt": 167, "max_questions": 400, "question_idx": 667, "uid": "3ac2fc0b-4cee-4885-b4a3-ac3d2d8441b4"}
2026-03-19 06:30:43 | INFO     | [QUESTION_SENT] {"question_idx": 667, "uid": "3ac2fc0b-4cee-4885-b4a3-ac3d2d8441b4"}
2026-03-19 06:32:19 | INFO     | [QUESTION_ATTEMPT] {"attempt": 168, "max_questions": 400, "question_idx": 667, "uid": "3ac2fc0b-4cee-4885-b4a3-ac3d2d8441b4"}
2026-03-19 06:32:49 | INFO     | [QUESTION_SENT] {"question_idx": 667, "uid": "3ac2fc0b-4cee-4885-b4a3-ac3d2d8441b4"}
2026-03-19 06:34:27 | INFO     | [QUESTION_ATTEMPT] {"attempt": 169, "max_questions": 400, "question_idx": 667, "uid": "3ac2fc0b-4cee-4885-b4a3-ac3d2d8441b4"}
2026-03-19 06:34:57 | INFO     | [QUESTION_SENT] {"question_idx": 667, "uid": "3ac2fc0b-4cee-4885-b4a3-ac3d2d8441b4"}
2026-03-19 06:36:34 | INFO     | [QUESTION_ATTEMPT] {"attempt": 170, "max_questions": 400, "question_idx": 667, "uid": "3ac2fc0b-4cee-4885-b4a3-ac3d2d8441b4"}
2026-03-19 06:37:03 | INFO     | [QUESTION_SENT] {"question_idx": 667, "uid": "3ac2fc0b-4cee-4885-b4a3-ac3d2d8441b4"}
2026-03-19 06:39:09 | INFO     | [QUESTION_SENT] {"question_idx": 667, "uid": "3ac2fc0b-4cee-4885-b4a3-ac3d2d8441b4"}
2026-03-19 06:40:45 | INFO     | [QUESTION_ATTEMPT] {"attempt": 171, "max_questions": 400, "question_idx": 667, "uid": "3ac2fc0b-4cee-4885-b4a3-ac3d2d8441b4"}
2026-03-19 06:41:15 | INFO     | [QUESTION_SENT] {"question_idx": 667, "uid": "3ac2fc0b-4cee-4885-b4a3-ac3d2d8441b4"}
2026-03-19 06:42:52 | INFO     | [QUESTION_ATTEMPT] {"attempt": 172, "max_questions": 400, "question_idx": 667, "uid": "3ac2fc0b-4cee-4885-b4a3-ac3d2d8441b4"}
2026-03-19 06:43:21 | INFO     | [QUESTION_SENT] {"question_idx": 667, "uid": "3ac2fc0b-4cee-4885-b4a3-ac3d2d8441b4"}
2026-03-19 06:45:12 | INFO     | [QUESTION_ATTEMPT] {"attempt": 173, "max_questions": 400, "question_idx": 667, "uid": "3ac2fc0b-4cee-4885-b4a3-ac3d2d8441b4"}
2026-03-19 06:45:45 | INFO     | [QUESTION_SENT] {"question_idx": 667, "uid": "3ac2fc0b-4cee-4885-b4a3-ac3d2d8441b4"}
2026-03-19 06:47:25 | INFO     | [QUESTION_ATTEMPT] {"attempt": 174, "max_questions": 400, "question_idx": 667, "uid": "3ac2fc0b-4cee-4885-b4a3-ac3d2d8441b4"}
2026-03-19 06:47:55 | INFO     | [QUESTION_SENT] {"question_idx": 667, "uid": "3ac2fc0b-4cee-4885-b4a3-ac3d2d8441b4"}
2026-03-19 06:49:32 | INFO     | [QUESTION_ATTEMPT] {"attempt": 175, "max_questions": 400, "question_idx": 667, "uid": "3ac2fc0b-4cee-4885-b4a3-ac3d2d8441b4"}
2026-03-19 06:50:02 | INFO     | [QUESTION_SENT] {"question_idx": 667, "uid": "3ac2fc0b-4cee-4885-b4a3-ac3d2d8441b4"}
2026-03-19 06:51:38 | INFO     | [QUESTION_ATTEMPT] {"attempt": 176, "max_questions": 400, "question_idx": 667, "uid": "3ac2fc0b-4cee-4885-b4a3-ac3d2d8441b4"}
2026-03-19 06:52:08 | INFO     | [QUESTION_SENT] {"question_idx": 667, "uid": "3ac2fc0b-4cee-4885-b4a3-ac3d2d8441b4"}
2026-03-19 06:53:45 | INFO     | [QUESTION_ATTEMPT] {"attempt": 177, "max_questions": 400, "question_idx": 667, "uid": "3ac2fc0b-4cee-4885-b4a3-ac3d2d8441b4"}
2026-03-19 06:54:14 | INFO     | [QUESTION_SENT] {"question_idx": 667, "uid": "3ac2fc0b-4cee-4885-b4a3-ac3d2d8441b4"}
2026-03-19 06:56:08 | INFO     | [QUESTION_ATTEMPT] {"attempt": 178, "max_questions": 400, "question_idx": 667, "uid": "3ac2fc0b-4cee-4885-b4a3-ac3d2d8441b4"}
2026-03-19 06:56:41 | INFO     | [QUESTION_SENT] {"question_idx": 667, "uid": "3ac2fc0b-4cee-4885-b4a3-ac3d2d8441b4"}
2026-03-19 06:58:21 | INFO     | [QUESTION_ATTEMPT] {"attempt": 179, "max_questions": 400, "question_idx": 667, "uid": "3ac2fc0b-4cee-4885-b4a3-ac3d2d8441b4"}
2026-03-19 06:58:51 | INFO     | [QUESTION_SENT] {"question_idx": 667, "uid": "3ac2fc0b-4cee-4885-b4a3-ac3d2d8441b4"}
2026-03-19 07:00:28 | INFO     | [QUESTION_ATTEMPT] {"attempt": 180, "max_questions": 400, "question_idx": 667, "uid": "3ac2fc0b-4cee-4885-b4a3-ac3d2d8441b4"}
2026-03-19 07:00:57 | INFO     | [QUESTION_SENT] {"question_idx": 667, "uid": "3ac2fc0b-4cee-4885-b4a3-ac3d2d8441b4"}
2026-03-19 07:02:35 | INFO     | [QUESTION_ATTEMPT] {"attempt": 181, "max_questions": 400, "question_idx": 667, "uid": "3ac2fc0b-4cee-4885-b4a3-ac3d2d8441b4"}
2026-03-19 07:03:04 | INFO     | [QUESTION_SENT] {"question_idx": 667, "uid": "3ac2fc0b-4cee-4885-b4a3-ac3d2d8441b4"}
2026-03-19 07:04:41 | INFO     | [QUESTION_ATTEMPT] {"attempt": 182, "max_questions": 400, "question_idx": 667, "uid": "3ac2fc0b-4cee-4885-b4a3-ac3d2d8441b4"}
2026-03-19 07:05:11 | INFO     | [QUESTION_SENT] {"question_idx": 667, "uid": "3ac2fc0b-4cee-4885-b4a3-ac3d2d8441b4"}
2026-03-19 07:07:00 | INFO     | [QUESTION_ATTEMPT] {"attempt": 183, "max_questions": 400, "question_idx": 667, "uid": "3ac2fc0b-4cee-4885-b4a3-ac3d2d8441b4"}
2026-03-19 07:07:33 | INFO     | [QUESTION_SENT] {"question_idx": 667, "uid": "3ac2fc0b-4cee-4885-b4a3-ac3d2d8441b4"}
2026-03-19 07:09:11 | INFO     | [QUESTION_ATTEMPT] {"attempt": 184, "max_questions": 400, "question_idx": 667, "uid": "3ac2fc0b-4cee-4885-b4a3-ac3d2d8441b4"}
2026-03-19 07:09:40 | INFO     | [QUESTION_SENT] {"question_idx": 667, "uid": "3ac2fc0b-4cee-4885-b4a3-ac3d2d8441b4"}
2026-03-19 07:11:17 | INFO     | [QUESTION_ATTEMPT] {"attempt": 185, "max_questions": 400, "question_idx": 667, "uid": "3ac2fc0b-4cee-4885-b4a3-ac3d2d8441b4"}
2026-03-19 07:11:47 | INFO     | [QUESTION_SENT] {"question_idx": 667, "uid": "3ac2fc0b-4cee-4885-b4a3-ac3d2d8441b4"}
2026-03-19 07:13:23 | INFO     | [QUESTION_ATTEMPT] {"attempt": 186, "max_questions": 400, "question_idx": 667, "uid": "3ac2fc0b-4cee-4885-b4a3-ac3d2d8441b4"}
2026-03-19 07:13:53 | INFO     | [QUESTION_SENT] {"question_idx": 667, "uid": "3ac2fc0b-4cee-4885-b4a3-ac3d2d8441b4"}
2026-03-19 07:15:30 | INFO     | [QUESTION_ATTEMPT] {"attempt": 187, "max_questions": 400, "question_idx": 667, "uid": "3ac2fc0b-4cee-4885-b4a3-ac3d2d8441b4"}
2026-03-19 07:15:59 | INFO     | [QUESTION_SENT] {"question_idx": 667, "uid": "3ac2fc0b-4cee-4885-b4a3-ac3d2d8441b4"}
2026-03-19 07:17:51 | INFO     | [QUESTION_ATTEMPT] {"attempt": 188, "max_questions": 400, "question_idx": 667, "uid": "3ac2fc0b-4cee-4885-b4a3-ac3d2d8441b4"}
2026-03-19 07:18:25 | INFO     | [QUESTION_SENT] {"question_idx": 667, "uid": "3ac2fc0b-4cee-4885-b4a3-ac3d2d8441b4"}
2026-03-19 07:20:05 | INFO     | [QUESTION_ATTEMPT] {"attempt": 189, "max_questions": 400, "question_idx": 667, "uid": "3ac2fc0b-4cee-4885-b4a3-ac3d2d8441b4"}
2026-03-19 07:20:34 | INFO     | [QUESTION_SENT] {"question_idx": 667, "uid": "3ac2fc0b-4cee-4885-b4a3-ac3d2d8441b4"}
2026-03-19 07:22:11 | INFO     | [QUESTION_ATTEMPT] {"attempt": 190, "max_questions": 400, "question_idx": 667, "uid": "3ac2fc0b-4cee-4885-b4a3-ac3d2d8441b4"}
2026-03-19 07:22:41 | INFO     | [QUESTION_SENT] {"question_idx": 667, "uid": "3ac2fc0b-4cee-4885-b4a3-ac3d2d8441b4"}
2026-03-19 07:24:17 | INFO     | [QUESTION_ATTEMPT] {"attempt": 191, "max_questions": 400, "question_idx": 667, "uid": "3ac2fc0b-4cee-4885-b4a3-ac3d2d8441b4"}
2026-03-19 07:24:47 | INFO     | [QUESTION_SENT] {"question_idx": 667, "uid": "3ac2fc0b-4cee-4885-b4a3-ac3d2d8441b4"}
2026-03-19 07:26:24 | INFO     | [QUESTION_ATTEMPT] {"attempt": 192, "max_questions": 400, "question_idx": 667, "uid": "3ac2fc0b-4cee-4885-b4a3-ac3d2d8441b4"}
2026-03-19 07:26:54 | INFO     | [QUESTION_SENT] {"question_idx": 667, "uid": "3ac2fc0b-4cee-4885-b4a3-ac3d2d8441b4"}
2026-03-19 07:28:47 | INFO     | [QUESTION_ATTEMPT] {"attempt": 193, "max_questions": 400, "question_idx": 667, "uid": "3ac2fc0b-4cee-4885-b4a3-ac3d2d8441b4"}
2026-03-19 07:29:21 | INFO     | [QUESTION_SENT] {"question_idx": 667, "uid": "3ac2fc0b-4cee-4885-b4a3-ac3d2d8441b4"}
2026-03-19 07:31:01 | INFO     | [QUESTION_ATTEMPT] {"attempt": 194, "max_questions": 400, "question_idx": 667, "uid": "3ac2fc0b-4cee-4885-b4a3-ac3d2d8441b4"}
2026-03-19 07:31:31 | INFO     | [QUESTION_SENT] {"question_idx": 667, "uid": "3ac2fc0b-4cee-4885-b4a3-ac3d2d8441b4"}
2026-03-19 07:33:08 | INFO     | [QUESTION_ATTEMPT] {"attempt": 195, "max_questions": 400, "question_idx": 667, "uid": "3ac2fc0b-4cee-4885-b4a3-ac3d2d8441b4"}
2026-03-19 07:33:38 | INFO     | [QUESTION_SENT] {"question_idx": 667, "uid": "3ac2fc0b-4cee-4885-b4a3-ac3d2d8441b4"}
2026-03-19 07:35:15 | INFO     | [QUESTION_ATTEMPT] {"attempt": 196, "max_questions": 400, "question_idx": 667, "uid": "3ac2fc0b-4cee-4885-b4a3-ac3d2d8441b4"}
2026-03-19 07:35:45 | INFO     | [QUESTION_SENT] {"question_idx": 667, "uid": "3ac2fc0b-4cee-4885-b4a3-ac3d2d8441b4"}
2026-03-19 07:37:21 | INFO     | [QUESTION_ATTEMPT] {"attempt": 197, "max_questions": 400, "question_idx": 667, "uid": "3ac2fc0b-4cee-4885-b4a3-ac3d2d8441b4"}
2026-03-19 07:37:51 | INFO     | [QUESTION_SENT] {"question_idx": 667, "uid": "3ac2fc0b-4cee-4885-b4a3-ac3d2d8441b4"}
2026-03-19 07:39:38 | INFO     | [QUESTION_ATTEMPT] {"attempt": 198, "max_questions": 400, "question_idx": 667, "uid": "3ac2fc0b-4cee-4885-b4a3-ac3d2d8441b4"}
2026-03-19 07:40:12 | INFO     | [QUESTION_SENT] {"question_idx": 667, "uid": "3ac2fc0b-4cee-4885-b4a3-ac3d2d8441b4"}
2026-03-19 07:41:49 | INFO     | [QUESTION_ATTEMPT] {"attempt": 199, "max_questions": 400, "question_idx": 667, "uid": "3ac2fc0b-4cee-4885-b4a3-ac3d2d8441b4"}
2026-03-19 07:42:18 | INFO     | [QUESTION_SENT] {"question_idx": 667, "uid": "3ac2fc0b-4cee-4885-b4a3-ac3d2d8441b4"}
2026-03-19 07:43:55 | INFO     | [QUESTION_ATTEMPT] {"attempt": 200, "max_questions": 400, "question_idx": 667, "uid": "3ac2fc0b-4cee-4885-b4a3-ac3d2d8441b4"}
2026-03-19 07:44:25 | INFO     | [QUESTION_SENT] {"question_idx": 667, "uid": "3ac2fc0b-4cee-4885-b4a3-ac3d2d8441b4"}
2026-03-19 07:46:01 | INFO     | [QUESTION_ATTEMPT] {"attempt": 201, "max_questions": 400, "question_idx": 667, "uid": "3ac2fc0b-4cee-4885-b4a3-ac3d2d8441b4"}
2026-03-19 07:46:31 | INFO     | [QUESTION_SENT] {"question_idx": 667, "uid": "3ac2fc0b-4cee-4885-b4a3-ac3d2d8441b4"}
2026-03-19 07:48:08 | INFO     | [QUESTION_ATTEMPT] {"attempt": 202, "max_questions": 400, "question_idx": 667, "uid": "3ac2fc0b-4cee-4885-b4a3-ac3d2d8441b4"}
2026-03-19 07:48:37 | INFO     | [QUESTION_SENT] {"question_idx": 667, "uid": "3ac2fc0b-4cee-4885-b4a3-ac3d2d8441b4"}
2026-03-19 07:50:25 | INFO     | [QUESTION_ATTEMPT] {"attempt": 203, "max_questions": 400, "question_idx": 667, "uid": "3ac2fc0b-4cee-4885-b4a3-ac3d2d8441b4"}
2026-03-19 07:50:59 | INFO     | [QUESTION_SENT] {"question_idx": 667, "uid": "3ac2fc0b-4cee-4885-b4a3-ac3d2d8441b4"}
2026-03-19 07:52:35 | INFO     | [QUESTION_ATTEMPT] {"attempt": 204, "max_questions": 400, "question_idx": 667, "uid": "3ac2fc0b-4cee-4885-b4a3-ac3d2d8441b4"}
2026-03-19 07:53:05 | INFO     | [QUESTION_SENT] {"question_idx": 667, "uid": "3ac2fc0b-4cee-4885-b4a3-ac3d2d8441b4"}
2026-03-19 07:54:42 | INFO     | [QUESTION_ATTEMPT] {"attempt": 205, "max_questions": 400, "question_idx": 667, "uid": "3ac2fc0b-4cee-4885-b4a3-ac3d2d8441b4"}
2026-03-19 07:55:12 | INFO     | [QUESTION_SENT] {"question_idx": 667, "uid": "3ac2fc0b-4cee-4885-b4a3-ac3d2d8441b4"}
2026-03-19 07:56:49 | INFO     | [QUESTION_ATTEMPT] {"attempt": 206, "max_questions": 400, "question_idx": 667, "uid": "3ac2fc0b-4cee-4885-b4a3-ac3d2d8441b4"}
2026-03-19 07:57:18 | INFO     | [QUESTION_SENT] {"question_idx": 667, "uid": "3ac2fc0b-4cee-4885-b4a3-ac3d2d8441b4"}
2026-03-19 07:58:55 | INFO     | [QUESTION_ATTEMPT] {"attempt": 207, "max_questions": 400, "question_idx": 667, "uid": "3ac2fc0b-4cee-4885-b4a3-ac3d2d8441b4"}
2026-03-19 07:59:25 | INFO     | [QUESTION_SENT] {"question_idx": 667, "uid": "3ac2fc0b-4cee-4885-b4a3-ac3d2d8441b4"}
2026-03-19 08:01:17 | INFO     | [QUESTION_ATTEMPT] {"attempt": 208, "max_questions": 400, "question_idx": 667, "uid": "3ac2fc0b-4cee-4885-b4a3-ac3d2d8441b4"}
2026-03-19 08:01:50 | INFO     | [QUESTION_SENT] {"question_idx": 667, "uid": "3ac2fc0b-4cee-4885-b4a3-ac3d2d8441b4"}
2026-03-19 08:03:27 | INFO     | [QUESTION_ATTEMPT] {"attempt": 209, "max_questions": 400, "question_idx": 667, "uid": "3ac2fc0b-4cee-4885-b4a3-ac3d2d8441b4"}
2026-03-19 08:03:57 | INFO     | [QUESTION_SENT] {"question_idx": 667, "uid": "3ac2fc0b-4cee-4885-b4a3-ac3d2d8441b4"}
2026-03-19 08:05:34 | INFO     | [QUESTION_ATTEMPT] {"attempt": 210, "max_questions": 400, "question_idx": 667, "uid": "3ac2fc0b-4cee-4885-b4a3-ac3d2d8441b4"}
2026-03-19 08:06:03 | INFO     | [QUESTION_SENT] {"question_idx": 667, "uid": "3ac2fc0b-4cee-4885-b4a3-ac3d2d8441b4"}
2026-03-19 08:07:39 | INFO     | [QUESTION_ATTEMPT] {"attempt": 211, "max_questions": 400, "question_idx": 667, "uid": "3ac2fc0b-4cee-4885-b4a3-ac3d2d8441b4"}
2026-03-19 08:08:09 | INFO     | [QUESTION_SENT] {"question_idx": 667, "uid": "3ac2fc0b-4cee-4885-b4a3-ac3d2d8441b4"}
2026-03-19 08:10:11 | INFO     | [QUESTION_SENT] {"question_idx": 667, "uid": "3ac2fc0b-4cee-4885-b4a3-ac3d2d8441b4"}
2026-03-19 08:15:48 | INFO     | [QUESTION_SENT] {"question_idx": 667, "uid": "3ac2fc0b-4cee-4885-b4a3-ac3d2d8441b4"}
2026-03-19 08:17:41 | INFO     | [QUESTION_ATTEMPT] {"attempt": 212, "max_questions": 400, "question_idx": 667, "uid": "3ac2fc0b-4cee-4885-b4a3-ac3d2d8441b4"}
2026-03-19 08:18:41 | INFO     | [QUESTION_SENT] {"question_idx": 667, "uid": "3ac2fc0b-4cee-4885-b4a3-ac3d2d8441b4"}
2026-03-19 08:20:30 | INFO     | [QUESTION_ATTEMPT] {"attempt": 213, "max_questions": 400, "question_idx": 667, "uid": "3ac2fc0b-4cee-4885-b4a3-ac3d2d8441b4"}
2026-03-19 08:21:08 | INFO     | [QUESTION_SENT] {"question_idx": 667, "uid": "3ac2fc0b-4cee-4885-b4a3-ac3d2d8441b4"}
2026-03-19 08:22:56 | INFO     | [QUESTION_ATTEMPT] {"attempt": 214, "max_questions": 400, "question_idx": 667, "uid": "3ac2fc0b-4cee-4885-b4a3-ac3d2d8441b4"}
2026-03-19 08:23:54 | INFO     | [QUESTION_SENT] {"question_idx": 667, "uid": "3ac2fc0b-4cee-4885-b4a3-ac3d2d8441b4"}
2026-03-19 08:25:39 | INFO     | [QUESTION_ATTEMPT] {"attempt": 215, "max_questions": 400, "question_idx": 667, "uid": "3ac2fc0b-4cee-4885-b4a3-ac3d2d8441b4"}
2026-03-19 08:26:17 | INFO     | [QUESTION_SENT] {"question_idx": 667, "uid": "3ac2fc0b-4cee-4885-b4a3-ac3d2d8441b4"}
2026-03-19 08:28:05 | INFO     | [QUESTION_ATTEMPT] {"attempt": 216, "max_questions": 400, "question_idx": 667, "uid": "3ac2fc0b-4cee-4885-b4a3-ac3d2d8441b4"}
2026-03-19 08:28:46 | INFO     | [QUESTION_SENT] {"question_idx": 667, "uid": "3ac2fc0b-4cee-4885-b4a3-ac3d2d8441b4"}
2026-03-19 08:30:30 | INFO     | [QUESTION_ATTEMPT] {"attempt": 217, "max_questions": 400, "question_idx": 667, "uid": "3ac2fc0b-4cee-4885-b4a3-ac3d2d8441b4"}
2026-03-19 08:31:09 | INFO     | [QUESTION_SENT] {"question_idx": 667, "uid": "3ac2fc0b-4cee-4885-b4a3-ac3d2d8441b4"}
2026-03-19 08:32:56 | INFO     | [QUESTION_ATTEMPT] {"attempt": 218, "max_questions": 400, "question_idx": 667, "uid": "3ac2fc0b-4cee-4885-b4a3-ac3d2d8441b4"}
2026-03-19 08:33:35 | INFO     | [QUESTION_SENT] {"question_idx": 667, "uid": "3ac2fc0b-4cee-4885-b4a3-ac3d2d8441b4"}
2026-03-19 08:35:22 | INFO     | [QUESTION_ATTEMPT] {"attempt": 219, "max_questions": 400, "question_idx": 667, "uid": "3ac2fc0b-4cee-4885-b4a3-ac3d2d8441b4"}
2026-03-19 08:36:00 | INFO     | [QUESTION_SENT] {"question_idx": 667, "uid": "3ac2fc0b-4cee-4885-b4a3-ac3d2d8441b4"}
2026-03-19 08:37:43 | INFO     | [BOT_STOP] {"bot_id": 1, "total_questions": 219}
