[2026-03-08 14:33:05] [RESTART] Бот перезапущен. Следующий перезапуск не ранее 14:34:05 (через 60 сек)
[2026-03-08 14:34:43] [QUESTION] Попытка #1/1, вопрос индекс #600, UID: 02472255-22ff-4887-8a81-dacb4b704054
[2026-03-08 14:34:43] [STOP] Бот остановлен. Всего вопросов задано: 1
[2026-03-08 14:34:46] [RESTART] Бот перезапущен. Следующий перезапуск не ранее 14:35:46 (через 60 сек)
[2026-03-08 14:36:07] [QUESTION] Попытка #1/1, вопрос индекс #600, UID: 02472255-22ff-4887-8a81-dacb4b704054
[2026-03-08 14:36:07] [STOP] Бот остановлен. Всего вопросов задано: 1
[2026-03-08 14:36:10] [RESTART] Бот перезапущен. Следующий перезапуск не ранее 14:37:10 (через 60 сек)
[2026-03-08 14:46:49] [RESTART] Бот перезапущен. Следующий перезапуск не ранее 14:47:49 (через 60 сек)
[2026-03-08 14:47:52] [QUESTION] Попытка #1/1, вопрос индекс #600, UID: 02472255-22ff-4887-8a81-dacb4b704054
[2026-03-08 16:13:45] [RESTART] Бот перезапущен. Следующий перезапуск не ранее 16:16:45 (через 180 сек)
[2026-03-08 16:15:30] [QUESTION] Попытка #1/100, вопрос индекс #726, UID: 5962b622-0b04-4669-a690-88e1312390df
[2026-03-08 16:17:38] [QUESTION] Попытка #2/100, вопрос индекс #727, UID: 6da65b9b-3795-487f-93e2-5cd53e003ee0
[2026-03-08 16:19:40] [QUESTION] Попытка #3/100, вопрос индекс #728, UID: 88f7efc8-ae11-4982-9fd1-3e3f808414f6
[2026-03-08 16:21:42] [QUESTION] Попытка #4/100, вопрос индекс #729, UID: e132a64d-4c41-423d-b440-e76f469e75ee
[2026-03-08 16:23:43] [QUESTION] Попытка #5/100, вопрос индекс #730, UID: aee8273f-3915-43ae-9ac2-3c9f816e0b5d
[2026-03-08 16:25:44] [QUESTION] Попытка #6/100, вопрос индекс #731, UID: ccb2ac6c-a1e8-420f-8b27-90b45d598d8b
[2026-03-08 16:28:13] [QUESTION] Попытка #7/100, вопрос индекс #732, UID: 65f1e157-68f8-400e-86c1-a8fcb1d2a760
[2026-03-08 16:30:09] [QUESTION] Попытка #8/100, вопрос индекс #733, UID: 619e0519-8512-435f-b0d4-dab2db36568a
[2026-03-08 16:32:34] [QUESTION] Попытка #9/100, вопрос индекс #734, UID: 097bb4e7-c4ed-4e08-a660-7f8e5e2b829d
[2026-03-08 16:35:44] [QUESTION] Попытка #10/100, вопрос индекс #735, UID: 7acb05c0-4b02-416f-a182-3dd75d3b40da
[2026-03-08 16:37:40] [QUESTION] Попытка #11/100, вопрос индекс #736, UID: 5a755b15-bb1c-4166-9e8e-b625f2edb10c
[2026-03-08 16:39:59] [QUESTION] Попытка #12/100, вопрос индекс #737, UID: f97ce960-82ff-4678-b1c3-b2e13d4a781b
[2026-03-08 16:41:55] [QUESTION] Попытка #13/100, вопрос индекс #738, UID: d31d2740-b54d-444f-afaf-9554de3443cb
[2026-03-08 16:43:22] [QUESTION] Попытка #14/100, вопрос индекс #739, UID: d0d22463-45e5-4a84-baff-dc8da41254c5
[2026-03-08 16:56:11] [QUESTION] Попытка #15/100, вопрос индекс #740, UID: 3a12f108-a78d-4e39-b495-beb793a0228e
[2026-03-08 16:58:58] [QUESTION] Попытка #16/100, вопрос индекс #741, UID: 568eab36-1f7e-475d-a214-ec096121da4c
[2026-03-08 17:01:48] [QUESTION] Попытка #17/100, вопрос индекс #742, UID: 59918c42-fccd-4808-bc15-d1c3517e12bc
[2026-03-08 17:03:43] [QUESTION] Попытка #18/100, вопрос индекс #743, UID: d8513e24-ea09-4543-9142-6bbfad5b145d
[2026-03-08 17:05:57] [QUESTION] Попытка #19/100, вопрос индекс #744, UID: 53e6aaaa-7e82-48d8-ba58-683fd5510d71
[2026-03-08 17:07:52] [QUESTION] Попытка #20/100, вопрос индекс #745, UID: bd7d14e1-06d5-4e67-80b4-62351e93fc60
[2026-03-08 17:09:37] [QUESTION] Попытка #21/100, вопрос индекс #746, UID: 58162d0f-f72d-47de-b4ae-a0fb87ee0410
[2026-03-08 17:11:23] [QUESTION] Попытка #22/100, вопрос индекс #747, UID: 0bab1b6f-13ad-4603-94af-5097c3130e6e
[2026-03-08 17:13:02] [QUESTION] Попытка #23/100, вопрос индекс #748, UID: 9e2fec6d-0ee3-422f-8742-cf6f5a7aa04e
[2026-03-08 17:14:31] [QUESTION] Попытка #24/100, вопрос индекс #749, UID: fcb49ef7-cf1b-4316-bcac-129812b8bea3
[2026-03-08 17:15:39] [QUESTION] Попытка #25/100, вопрос индекс #750, UID: 15bed371-cace-4934-a630-0596bd659e2c
[2026-03-09 21:09:12] [RESTART] Бот перезапущен. Следующий перезапуск не ранее 22:09:12 (через 3600 сек)
[2026-03-09 21:11:59] [QUESTION] Попытка #1/100, вопрос индекс #150, UID: 9e88b085-dd45-49a2-b838-a0a93354ca62
[2026-03-09 21:13:30] [QUESTION] Попытка #2/100, вопрос индекс #151, UID: 5e542dde-41e3-4c8e-a11f-48b07c7b973a
[2026-03-09 21:15:26] [QUESTION] Попытка #3/100, вопрос индекс #152, UID: f0504e19-8e3b-48be-bd1d-351393e8f7d8
[2026-03-09 21:17:29] [QUESTION] Попытка #4/100, вопрос индекс #153, UID: 1052338a-3bc8-40d1-a489-83337dc0d9a4
[2026-03-09 21:33:08] [RESTART] Бот перезапущен. Следующий перезапуск не ранее 22:33:08 (через 3600 сек)
[2026-03-09 21:39:15] [RESTART] Бот перезапущен. Следующий перезапуск не ранее 22:39:15 (через 3600 сек)
[2026-03-09 21:43:03] [RESTART] Бот перезапущен. Следующий перезапуск не ранее 22:43:03 (через 3600 сек)
[2026-03-09 21:45:39] [RESTART] Бот перезапущен. Следующий перезапуск не ранее 22:45:39 (через 3600 сек)
[2026-03-09 21:47:03] [RESTART] Бот перезапущен. Следующий перезапуск не ранее 22:47:03 (через 3600 сек)
[2026-03-09 21:49:04] [QUESTION] Попытка #1/100, вопрос индекс #154, UID: d70f4cb2-f87a-4418-a6e0-be5d28154bed
[2026-03-09 21:50:36] [QUESTION] Попытка #2/100, вопрос индекс #155, UID: 3d4341e0-20f9-4412-9fa2-419c85818ffc
[2026-03-09 21:52:22] [QUESTION] Попытка #3/100, вопрос индекс #156, UID: 295f6100-5427-42fb-a3d5-5ef517c8f9e7
[2026-03-09 21:54:06] [QUESTION] Попытка #4/100, вопрос индекс #157, UID: f2f91334-4dba-484c-8dfe-7aaba67b31b7
[2026-03-09 21:55:52] [QUESTION] Попытка #5/100, вопрос индекс #158, UID: 7d69eb45-3e0c-45b0-b124-eca6d6d3ddf7
[2026-03-09 21:57:48] [QUESTION] Попытка #6/100, вопрос индекс #159, UID: ee37ecb9-ad98-4750-9f2e-3d1e572612d0
[2026-03-09 21:59:27] [QUESTION] Попытка #7/100, вопрос индекс #160, UID: a1234677-c46a-4615-83ab-600165385eb7
[2026-03-09 22:01:07] [QUESTION] Попытка #8/100, вопрос индекс #161, UID: 517e1ee6-a045-45b9-a210-f67b3ae5dcd6
[2026-03-09 22:02:46] [QUESTION] Попытка #9/100, вопрос индекс #162, UID: 70ea4707-3b97-447f-9d43-385405c1ad93
[2026-03-09 22:04:36] [QUESTION] Попытка #10/100, вопрос индекс #163, UID: bee65719-3593-4dbe-8e88-0c0717ac4af4
[2026-03-09 22:06:14] [QUESTION] Попытка #11/100, вопрос индекс #164, UID: abfb6a08-ca28-47dd-806c-efa76272c609
[2026-03-09 22:07:50] [QUESTION] Попытка #12/100, вопрос индекс #165, UID: 8556b018-e208-47e9-82e4-1c3e059589b7
[2026-03-09 22:09:30] [QUESTION] Попытка #13/100, вопрос индекс #165, UID: 8556b018-e208-47e9-82e4-1c3e059589b7
[2026-03-09 22:11:12] [QUESTION] Попытка #14/100, вопрос индекс #166, UID: dad820a4-6334-46e7-b0ad-9519cdc6d81b
[2026-03-09 22:12:49] [QUESTION] Попытка #15/100, вопрос индекс #167, UID: 041955ea-ce49-4fad-aa24-22f52ecc5c8e
[2026-03-09 22:14:40] [QUESTION] Попытка #16/100, вопрос индекс #168, UID: b7a25663-d964-4e7d-be0b-b547fd59e635
[2026-03-09 22:16:24] [QUESTION] Попытка #17/100, вопрос индекс #169, UID: 2f4480bd-f283-4a69-b6d8-7d6c9f4dd86c
[2026-03-09 22:18:04] [QUESTION] Попытка #18/100, вопрос индекс #170, UID: 447e3239-3bd9-450a-a28c-fc5fec71905e
[2026-03-09 22:19:41] [QUESTION] Попытка #19/100, вопрос индекс #171, UID: f88e7ac4-9d9a-4bbe-a476-f8803cf39426
[2026-03-09 22:20:45] [QUESTION] Попытка #20/100, вопрос индекс #172, UID: 08c55191-e791-4f6e-a0cf-aa22199642db
[2026-03-09 22:29:21] [RESTART] Бот перезапущен. Следующий перезапуск не ранее 23:29:21 (через 3600 сек)
[2026-03-10 20:57:02] [RESTART] Бот перезапущен. Следующий перезапуск не ранее 21:57:02 (через 3600 сек)
[2026-03-10 20:59:57] [QUESTION] Попытка #1/100, вопрос индекс #173, UID: 79657fe0-3745-4841-9831-60dc900bfa86
[2026-03-10 21:01:29] [QUESTION] Попытка #2/100, вопрос индекс #174, UID: 91b7f6e8-bfaf-44dd-94ba-1d8890ff84e0
[2026-03-10 21:03:17] [QUESTION] Попытка #3/100, вопрос индекс #175, UID: bd4bc035-bdfe-4f29-87e6-e6386db42272
[2026-03-10 21:04:44] [QUESTION] Попытка #4/100, вопрос индекс #176, UID: 00e1d06d-42ce-43b2-a933-06c608cfe3cc
[2026-03-10 21:06:17] [QUESTION] Попытка #5/100, вопрос индекс #177, UID: ca430f52-9e8c-48d6-8e71-7dedb91f4fac
[2026-03-10 21:07:55] [QUESTION] Попытка #6/100, вопрос индекс #178, UID: e24dede1-2351-42e1-8f5a-903570890b50
[2026-03-10 21:09:38] [QUESTION] Попытка #7/100, вопрос индекс #179, UID: 52f658ee-fd50-4319-a457-fa6292eb6a39
[2026-03-10 21:11:23] [QUESTION] Попытка #8/100, вопрос индекс #180, UID: 5f6b97cb-9b3f-4202-a4e6-87466f0b6d61
[2026-03-10 21:12:52] [QUESTION] Попытка #9/100, вопрос индекс #181, UID: 32c8fd3d-433d-4a54-ab76-e5b5747c5b8d
[2026-03-10 21:14:28] [QUESTION] Попытка #10/100, вопрос индекс #182, UID: c7decfb9-bfd9-45ab-9d9a-8137d76010f4
[2026-03-10 21:16:11] [QUESTION] Попытка #11/100, вопрос индекс #183, UID: 661e17dd-d038-4f55-b530-59e3c9384a11
[2026-03-10 21:17:47] [QUESTION] Попытка #12/100, вопрос индекс #184, UID: d7877953-a2b9-4b94-816d-891c5717eed0
[2026-03-10 21:19:11] [QUESTION] Попытка #13/100, вопрос индекс #185, UID: eaa70cdb-7a19-48a1-b2d6-60210ded8377
[2026-03-10 21:20:51] [QUESTION] Попытка #14/100, вопрос индекс #186, UID: 4995cbb7-1298-4522-8fb4-9565ca73b8dd
[2026-03-10 21:22:15] [QUESTION] Попытка #15/100, вопрос индекс #187, UID: 3c69a23d-7b96-4071-ac46-d2c2f10efa45
[2026-03-10 21:23:53] [QUESTION] Попытка #16/100, вопрос индекс #188, UID: 985faea0-c0e4-4579-b56d-d24d54fbbec1
[2026-03-10 21:25:53] [QUESTION] Попытка #17/100, вопрос индекс #189, UID: 3b6cfd69-a6dd-4106-9996-c96d10d4d8ea
[2026-03-10 21:27:35] [QUESTION] Попытка #18/100, вопрос индекс #190, UID: bf9aa076-2a31-49f4-bef9-300f074470b1
[2026-03-10 21:29:01] [QUESTION] Попытка #19/100, вопрос индекс #191, UID: d4369363-b689-45e1-bf4c-8cb0db12a123
[2026-03-10 21:30:19] [QUESTION] Попытка #20/100, вопрос индекс #192, UID: 307dc7af-8773-4f0f-af64-f5f4fc0a0850
[2026-03-10 21:32:00] [QUESTION] Попытка #21/100, вопрос индекс #193, UID: f678fce8-a7f5-4808-9cf5-b02223e7058b
[2026-03-10 21:34:32] [QUESTION] Попытка #22/100, вопрос индекс #194, UID: 6da0ff7b-140f-461c-b95c-1187b2614f61
[2026-03-10 21:36:15] [QUESTION] Попытка #23/100, вопрос индекс #195, UID: 2b78e102-ea6b-4f19-b41c-9d465a4b78de
[2026-03-10 21:37:55] [QUESTION] Попытка #24/100, вопрос индекс #196, UID: 0baaeec9-445e-4d30-8191-99481f21ecb4
[2026-03-10 21:45:05] [STOP] Бот остановлен. Всего вопросов задано: 24
[2026-03-10 21:49:56] [RESTART] Бот перезапущен. Следующий перезапуск не ранее 22:49:56 (через 3600 сек)
[2026-03-10 21:53:18] [QUESTION] Попытка #1/100, вопрос индекс #197, UID: ccf52ed4-535f-4e68-8f55-60042a57e414
[2026-03-10 21:55:09] [QUESTION] Попытка #2/100, вопрос индекс #198, UID: 7a0f8d1c-5df5-4838-bb63-5996eef3116f
[2026-03-10 21:59:45] [QUESTION] Попытка #3/100, вопрос индекс #199, UID: 26a73c85-1521-4084-b567-d6ce46d8bc3d
[2026-03-10 22:01:30] [QUESTION] Попытка #4/100, вопрос индекс #200, UID: 5c846f36-fead-4573-a0ea-dcc7592c7910
[2026-03-10 22:10:53] [QUESTION] Попытка #5/100, вопрос индекс #201, UID: 6f5c66bf-2d53-40e6-90b4-a9a77d8b9536
[2026-03-10 22:12:43] [QUESTION] Попытка #6/100, вопрос индекс #202, UID: c78dead7-2cce-434e-b63d-ff78acf255fe
[2026-03-10 22:14:09] [QUESTION] Попытка #7/100, вопрос индекс #203, UID: afe30447-6b35-4fb5-86d5-e841af34d871
[2026-03-10 22:15:13] [QUESTION] Попытка #8/100, вопрос индекс #204, UID: 231cb61c-5403-4f7d-8910-5d6a1523415f
