[2026-03-08 16:13:49] [RESTART] Бот перезапущен. Следующий перезапуск не ранее 17:13:49 (через 3600 сек)
[2026-03-08 16:17:04] [QUESTION] Попытка #1/100, вопрос индекс #776, UID: c1e472a3-75fe-46e2-848c-6f0a2e5f01f6
[2026-03-08 16:18:53] [QUESTION] Попытка #2/100, вопрос индекс #777, UID: fed1e1fb-4ee3-46e8-be64-e9a6feb424b6
[2026-03-08 16:21:25] [QUESTION] Попытка #3/100, вопрос индекс #778, UID: 68bcd4b1-76bf-43a4-a647-f449a6b64205
[2026-03-08 16:23:20] [QUESTION] Попытка #4/100, вопрос индекс #779, UID: 58abcfb4-52eb-44e1-ad4a-af94f66fc724
[2026-03-08 16:25:33] [QUESTION] Попытка #5/100, вопрос индекс #780, UID: 70be45cd-520c-4536-a566-3f459e8bc6e4
[2026-03-08 16:27:48] [QUESTION] Попытка #6/100, вопрос индекс #781, UID: 960e340c-b6f2-4052-85a1-4fb619db9a5c
[2026-03-08 16:30:22] [QUESTION] Попытка #7/100, вопрос индекс #782, UID: cfb038d7-4fa7-461d-9224-8e47d2096024
[2026-03-08 16:32:46] [QUESTION] Попытка #8/100, вопрос индекс #783, UID: 1b94162e-0d3b-4d94-8c4d-bcc2ff94c85b
[2026-03-08 16:35:30] [QUESTION] Попытка #9/100, вопрос индекс #784, UID: 238df28b-4874-4131-8057-83da2f11e666
[2026-03-08 16:37:28] [QUESTION] Попытка #10/100, вопрос индекс #785, UID: 1823b3fa-8898-469f-95b9-d9885414f904
[2026-03-08 16:39:14] [QUESTION] Попытка #11/100, вопрос индекс #786, UID: 7ae51cc1-6a5e-4a5e-87d6-3e7df5b68f0b
[2026-03-08 16:41:28] [QUESTION] Попытка #12/100, вопрос индекс #787, UID: 9b48c520-79cd-4f6b-bf23-f11dff7f5d3e
[2026-03-08 16:43:54] [QUESTION] Попытка #13/100, вопрос индекс #788, UID: f34d2cf9-6298-4ca4-b7fd-e1193db2ab36
[2026-03-08 16:45:23] [QUESTION] Попытка #14/100, вопрос индекс #789, UID: bf4fc7e2-4440-4b30-8211-551e7acca03d
[2026-03-08 16:47:46] [QUESTION] Попытка #15/100, вопрос индекс #790, UID: dc865efe-748a-48a5-bc38-1589837942f2
[2026-03-08 16:49:25] [QUESTION] Попытка #16/100, вопрос индекс #791, UID: a15a9b00-ec5d-4703-befc-2eb088b10eb7
[2026-03-08 16:51:12] [QUESTION] Попытка #17/100, вопрос индекс #792, UID: d4434d7a-c76c-494a-95b1-1feb9d0d3670
[2026-03-08 16:53:12] [QUESTION] Попытка #18/100, вопрос индекс #793, UID: 12ae94f9-41e3-42d2-801a-55486da06271
[2026-03-08 16:54:40] [QUESTION] Попытка #19/100, вопрос индекс #794, UID: 7bc294d3-013e-4e4a-a2eb-ead6db0599e3
[2026-03-08 16:56:37] [QUESTION] Попытка #20/100, вопрос индекс #795, UID: 4a3623f0-4571-43d9-aafe-cfab4733125e
[2026-03-08 16:58:47] [QUESTION] Попытка #21/100, вопрос индекс #796, UID: a440fded-fb94-494e-b2bc-e34af65000bb
[2026-03-08 17:00:56] [QUESTION] Попытка #22/100, вопрос индекс #797, UID: ceb3d649-73ef-428a-8dd3-3a40673b197d
[2026-03-08 17:03:25] [QUESTION] Попытка #23/100, вопрос индекс #798, UID: cbffdcaf-1873-4dcb-9a38-dca191ce5e60
[2026-03-08 17:05:27] [QUESTION] Попытка #24/100, вопрос индекс #799, UID: b13ae37e-b3f0-424c-84f5-67724835654c
[2026-03-08 17:07:04] [QUESTION] Попытка #25/100, вопрос индекс #800, UID: 0cf1db15-7733-40ca-934a-a58c8054f7bd
