[2026-03-08 16:13:47] [RESTART] Бот перезапущен. Следующий перезапуск не ранее 17:13:47 (через 3600 сек)
[2026-03-08 16:15:01] [QUESTION] Попытка #1/100, вопрос индекс #751, UID: 5b1206bf-2059-46a5-969d-aace3f823fba
[2026-03-08 16:17:18] [QUESTION] Попытка #2/100, вопрос индекс #752, UID: db5d0556-0a44-48ff-88ec-f162867473c6
[2026-03-08 16:19:12] [QUESTION] Попытка #3/100, вопрос индекс #753, UID: 6f9b3ffb-b1e3-4f01-8339-a1ab43d7c579
[2026-03-08 16:21:10] [QUESTION] Попытка #4/100, вопрос индекс #754, UID: 7ecc5b25-8673-4543-a6c8-6e29027f0372
[2026-03-08 16:24:13] [QUESTION] Попытка #5/100, вопрос индекс #755, UID: f5e8182b-6a4b-4ba7-b389-bf06daecb504
[2026-03-08 16:26:30] [QUESTION] Попытка #6/100, вопрос индекс #756, UID: 73170f67-8652-4d65-9caf-5aa61b31132d
[2026-03-08 16:28:21] [QUESTION] Попытка #7/100, вопрос индекс #757, UID: 6129117c-0737-4a20-a843-fb49375920d6
[2026-03-08 16:30:33] [QUESTION] Попытка #8/100, вопрос индекс #758, UID: a0f03257-503c-4129-82c3-425fd0d22570
[2026-03-08 16:32:19] [QUESTION] Попытка #9/100, вопрос индекс #759, UID: db49ebd4-912d-42c9-97f8-bfa0a270f075
[2026-03-08 16:35:02] [QUESTION] Попытка #10/100, вопрос индекс #760, UID: fec642f4-9721-456e-89e8-0287054c0a73
[2026-03-08 16:37:13] [QUESTION] Попытка #11/100, вопрос индекс #761, UID: c9271a6a-b792-4565-b4dc-86eae1eec535
[2026-03-08 16:39:29] [QUESTION] Попытка #12/100, вопрос индекс #762, UID: 3a85756d-a080-48f7-9a32-067c8264ccdb
[2026-03-08 16:41:15] [QUESTION] Попытка #13/100, вопрос индекс #763, UID: 4d99513c-661c-468e-badc-24ec0576145f
[2026-03-08 16:43:43] [QUESTION] Попытка #14/100, вопрос индекс #764, UID: 3762217d-ed59-47f6-adfb-e6da0192804b
[2026-03-08 16:45:35] [QUESTION] Попытка #15/100, вопрос индекс #765, UID: b629de05-8c5b-4cc3-9c1b-b0329afddb7e
[2026-03-08 16:47:25] [QUESTION] Попытка #16/100, вопрос индекс #766, UID: 1854da17-4a41-4122-a0ff-aabdf614aaa7
[2026-03-08 16:49:06] [QUESTION] Попытка #17/100, вопрос индекс #767, UID: 80fbcbd0-adba-4c52-adf2-dead64fcffaa
[2026-03-08 16:51:00] [QUESTION] Попытка #18/100, вопрос индекс #768, UID: 78474f09-3914-40ae-aeaf-67d04c00dc25
[2026-03-08 16:52:33] [QUESTION] Попытка #19/100, вопрос индекс #769, UID: 00906545-31e1-44c7-ab7a-c67fe455f009
[2026-03-08 16:54:16] [QUESTION] Попытка #20/100, вопрос индекс #770, UID: bef0bb9a-43f8-43b1-beaf-c218b543ac23
[2026-03-08 16:56:55] [QUESTION] Попытка #21/100, вопрос индекс #771, UID: 35f04422-13b8-4eef-b047-5d699af48c12
[2026-03-08 16:59:27] [QUESTION] Попытка #22/100, вопрос индекс #772, UID: 6c5c6361-baad-4155-b881-db3521b4b61f
[2026-03-08 17:01:27] [QUESTION] Попытка #23/100, вопрос индекс #773, UID: 54bd11fc-6bcc-4c84-912d-ea5f076f7130
[2026-03-08 17:03:57] [QUESTION] Попытка #24/100, вопрос индекс #774, UID: 150175fd-3fe8-4a52-83f8-4273d8af95c2
[2026-03-08 17:05:42] [QUESTION] Попытка #25/100, вопрос индекс #775, UID: 971732ea-5f75-4d9a-b940-3f0632c118c6
[2026-03-09 21:09:14] [RESTART] Бот перезапущен. Следующий перезапуск не ранее 22:09:14 (через 3600 сек)
[2026-03-09 21:33:13] [RESTART] Бот перезапущен. Следующий перезапуск не ранее 22:33:13 (через 3600 сек)
[2026-03-09 21:39:26] [RESTART] Бот перезапущен. Следующий перезапуск не ранее 22:39:26 (через 3600 сек)
[2026-03-09 21:43:12] [RESTART] Бот перезапущен. Следующий перезапуск не ранее 22:43:12 (через 3600 сек)
[2026-03-09 21:45:52] [RESTART] Бот перезапущен. Следующий перезапуск не ранее 22:45:52 (через 3600 сек)
[2026-03-09 21:47:08] [RESTART] Бот перезапущен. Следующий перезапуск не ранее 22:47:08 (через 3600 сек)
[2026-03-09 21:51:03] [QUESTION] Попытка #1/100, вопрос индекс #225, UID: 634816d7-4d97-43ad-b952-b6d1e089f878
[2026-03-09 21:52:43] [QUESTION] Попытка #2/100, вопрос индекс #226, UID: 15735fb8-3898-4013-a99d-de9e20166154
[2026-03-09 21:54:24] [QUESTION] Попытка #3/100, вопрос индекс #227, UID: 4e864c41-48c1-4271-8346-dd227cbb5c10
[2026-03-09 21:56:05] [QUESTION] Попытка #4/100, вопрос индекс #228, UID: 3e5a0c89-9d7e-4ba6-bfe0-eee7a3053819
[2026-03-09 21:57:56] [QUESTION] Попытка #5/100, вопрос индекс #229, UID: ecff6470-c32e-4c78-9570-67c881167d6a
[2026-03-09 21:59:36] [QUESTION] Попытка #6/100, вопрос индекс #230, UID: bc496893-0748-4574-82f8-f85b1c65a383
[2026-03-09 22:01:19] [QUESTION] Попытка #7/100, вопрос индекс #231, UID: afd6e124-ff3c-4546-94b8-31d39954adc8
[2026-03-09 22:02:59] [QUESTION] Попытка #8/100, вопрос индекс #232, UID: baabdad1-06b3-4995-be67-3492c2fa808e
[2026-03-09 22:04:44] [QUESTION] Попытка #9/100, вопрос индекс #233, UID: 7e56bd3e-fec0-4ae1-b43c-3f21610c66ba
[2026-03-09 22:06:30] [QUESTION] Попытка #10/100, вопрос индекс #234, UID: bda8edc6-ef4c-4c64-bfd0-f0e6f82171c1
[2026-03-09 22:08:08] [QUESTION] Попытка #11/100, вопрос индекс #235, UID: f6f7b2d6-a3e5-462e-a39d-f262da5fd652
[2026-03-09 22:09:47] [QUESTION] Попытка #12/100, вопрос индекс #236, UID: f09195aa-6ca1-4cca-a2f1-2bc48f071f5b
[2026-03-09 22:11:29] [QUESTION] Попытка #13/100, вопрос индекс #237, UID: 3c219670-919f-4448-a2d5-500e88ff015c
[2026-03-09 22:13:05] [QUESTION] Попытка #14/100, вопрос индекс #238, UID: 0e21c372-f944-42e5-a262-18af9f67e4df
[2026-03-09 22:14:58] [QUESTION] Попытка #15/100, вопрос индекс #239, UID: 7410ac4d-5d99-4447-b7ab-7670ce77b8c3
[2026-03-09 22:16:36] [QUESTION] Попытка #16/100, вопрос индекс #240, UID: a081f128-1e41-4035-9576-d37bae79bbb2
[2026-03-09 22:18:18] [QUESTION] Попытка #17/100, вопрос индекс #241, UID: bbae7052-c090-465a-bb5f-7a205b57c185
[2026-03-09 22:19:58] [QUESTION] Попытка #18/100, вопрос индекс #242, UID: fde0a7ec-0e82-471d-96ec-e05f5dde8873
[2026-03-09 22:21:02] [QUESTION] Попытка #19/100, вопрос индекс #243, UID: 7ddb359c-15a3-49b4-8289-d8c48ce780fb
[2026-03-09 22:22:02] [QUESTION] Попытка #20/100, вопрос индекс #244, UID: d3921c94-5e83-4245-84da-5cac504f7c40
[2026-03-09 22:23:03] [QUESTION] Попытка #21/100, вопрос индекс #245, UID: 5ff08783-b211-4e62-bba1-4c1c4f866d2b
[2026-03-09 22:24:07] [QUESTION] Попытка #22/100, вопрос индекс #246, UID: d9cd5267-6d18-481b-b61a-4ad861778a3a
[2026-03-09 22:25:08] [QUESTION] Попытка #23/100, вопрос индекс #247, UID: b4eb093e-822a-4d86-814d-a3558c115752
[2026-03-09 22:26:08] [QUESTION] Попытка #24/100, вопрос индекс #248, UID: 61f6f663-f771-4871-81b0-399c396e112c
[2026-03-09 22:27:08] [QUESTION] Попытка #25/100, вопрос индекс #249, UID: a2ddb33b-edaf-412f-ad4a-499debbafb59
[2026-03-09 22:29:27] [RESTART] Бот перезапущен. Следующий перезапуск не ранее 23:29:27 (через 3600 сек)
[2026-03-10 20:57:08] [RESTART] Бот перезапущен. Следующий перезапуск не ранее 21:57:08 (через 3600 сек)
[2026-03-10 21:02:16] [QUESTION] Попытка #1/100, вопрос индекс #250, UID: 999d63ba-1150-4c74-8ecc-3bdd84088cf6
[2026-03-10 21:03:58] [QUESTION] Попытка #2/100, вопрос индекс #251, UID: fe01aa06-638a-4aca-85b1-a5c827a699e2
[2026-03-10 21:05:29] [QUESTION] Попытка #3/100, вопрос индекс #252, UID: 65fcea87-5ae2-415f-90db-84c897cd0edd
[2026-03-10 21:07:02] [QUESTION] Попытка #4/100, вопрос индекс #253, UID: 880b3ed5-1fc4-4f80-9f55-e0ea69257ce1
[2026-03-10 21:08:49] [QUESTION] Попытка #5/100, вопрос индекс #254, UID: a67be283-30b4-4800-a154-9c7d6cd6bc5e
[2026-03-10 21:10:36] [QUESTION] Попытка #6/100, вопрос индекс #255, UID: 2fc7b4fd-65b5-416d-bd16-f60e05ba8062
[2026-03-10 21:12:34] [QUESTION] Попытка #7/100, вопрос индекс #256, UID: cf7528a9-4662-4445-aa68-244657bd6e76
[2026-03-10 21:14:02] [QUESTION] Попытка #8/100, вопрос индекс #257, UID: eb7e26a2-1f34-4382-80a9-79da5719218d
[2026-03-10 21:15:36] [QUESTION] Попытка #9/100, вопрос индекс #258, UID: e69688bd-6ebc-48c1-8630-5d9a24d0ca69
[2026-03-10 21:17:29] [QUESTION] Попытка #10/100, вопрос индекс #259, UID: e00c2e8c-06fc-435c-a2bd-bad933597bb9
[2026-03-10 21:18:55] [QUESTION] Попытка #11/100, вопрос индекс #260, UID: aa652437-fcf8-4b77-a6ea-6fb4805b3ce5
[2026-03-10 21:20:31] [QUESTION] Попытка #12/100, вопрос индекс #261, UID: d68e6b15-9ed8-4efc-8d92-a68d634b5516
[2026-03-10 21:21:49] [QUESTION] Попытка #13/100, вопрос индекс #262, UID: a140ab9c-f3ce-412d-b0d3-c9a2d3d2c54b
[2026-03-10 21:23:26] [QUESTION] Попытка #14/100, вопрос индекс #263, UID: b31601b9-a644-4e76-bfad-06c24213d060
[2026-03-10 21:25:22] [QUESTION] Попытка #15/100, вопрос индекс #264, UID: 0693f587-ee48-4b5c-8f97-4f7a7fdee96b
[2026-03-10 21:27:10] [QUESTION] Попытка #16/100, вопрос индекс #265, UID: 5af5c1da-bfbf-42df-bb2a-5006120f4eb3
[2026-03-10 21:28:27] [QUESTION] Попытка #17/100, вопрос индекс #266, UID: 2d4aaa54-a659-48fa-865c-78e2dbbed775
[2026-03-10 21:30:04] [QUESTION] Попытка #18/100, вопрос индекс #267, UID: aabf9d5f-4afe-49dc-98f0-30724bf5cf8e
[2026-03-10 21:31:42] [QUESTION] Попытка #19/100, вопрос индекс #268, UID: 1801f3ee-f5ef-43b8-b6d6-6f968c0b039c
[2026-03-10 21:45:05] [STOP] Бот остановлен. Всего вопросов задано: 19
[2026-03-10 21:50:02] [RESTART] Бот перезапущен. Следующий перезапуск не ранее 22:50:02 (через 3600 сек)
