[2026-03-08 14:33:01] [RESTART] Бот перезапущен. Следующий перезапуск не ранее 14:34:01 (через 60 сек)
[2026-03-08 14:34:07] [QUESTION] Попытка #1/1, вопрос индекс #670, UID: 6198667b-58e1-4684-89a4-b2f4d5b5dcda
[2026-03-08 14:34:07] [LIMIT_EXHAUSTED] Лимит вопросов исчерпан. Всего задано: 1. Перезапуск через 60 сек
[2026-03-08 14:34:08] [STOP] Бот остановлен. Всего вопросов задано: 1
[2026-03-08 14:34:11] [RESTART] Бот перезапущен. Следующий перезапуск не ранее 14:35:11 (через 60 сек)
[2026-03-08 14:35:12] [QUESTION] Попытка #1/1, вопрос индекс #670, UID: 6198667b-58e1-4684-89a4-b2f4d5b5dcda
[2026-03-08 14:35:12] [LIMIT_EXHAUSTED] Лимит вопросов исчерпан. Всего задано: 1. Перезапуск через 60 сек
[2026-03-08 14:35:12] [STOP] Бот остановлен. Всего вопросов задано: 1
[2026-03-08 14:35:15] [RESTART] Бот перезапущен. Следующий перезапуск не ранее 14:36:15 (через 60 сек)
[2026-03-08 14:36:39] [QUESTION] Попытка #1/1, вопрос индекс #670, UID: 6198667b-58e1-4684-89a4-b2f4d5b5dcda
[2026-03-08 14:36:39] [LIMIT_EXHAUSTED] Лимит вопросов исчерпан. Всего задано: 1. Перезапуск через 60 сек
[2026-03-08 14:36:40] [STOP] Бот остановлен. Всего вопросов задано: 1
[2026-03-08 14:36:43] [RESTART] Бот перезапущен. Следующий перезапуск не ранее 14:37:43 (через 60 сек)
[2026-03-08 14:46:44] [RESTART] Бот перезапущен. Следующий перезапуск не ранее 14:47:44 (через 60 сек)
[2026-03-08 14:52:23] [RESTART] Бот перезапущен. Следующий перезапуск не ранее 14:55:23 (через 180 сек)
[2026-03-08 14:53:47] [QUESTION] Попытка #1/1, вопрос индекс #671, UID: 1a506f71-d767-4394-a406-5c584a521b0d
[2026-03-08 14:53:47] [LIMIT_EXHAUSTED] Лимит вопросов исчерпан. Всего задано: 1. Перезапуск через 180 сек
[2026-03-08 14:57:18] [RESTART] Бот перезапущен. Следующий перезапуск не ранее 15:00:18 (через 180 сек)
[2026-03-08 14:59:21] [RESTART] Бот перезапущен. Следующий перезапуск не ранее 15:02:21 (через 180 сек)
[2026-03-08 14:59:42] [QUESTION] Попытка #1/1, вопрос индекс #672, UID: 600f6d8d-211d-4e35-a2f0-ebb192b0d719
[2026-03-08 14:59:42] [LIMIT_EXHAUSTED] Лимит вопросов исчерпан. Всего задано: 1. Перезапуск через 180 сек
[2026-03-08 15:00:00] [STOP] Бот остановлен. Всего вопросов задано: 1
[2026-03-08 15:00:15] [RESTART] Бот перезапущен. Следующий перезапуск не ранее 15:03:15 (через 180 сек)
[2026-03-08 15:01:37] [QUESTION] Попытка #1/1, вопрос индекс #672, UID: 600f6d8d-211d-4e35-a2f0-ebb192b0d719
[2026-03-08 15:01:37] [LIMIT_EXHAUSTED] Лимит вопросов исчерпан. Всего задано: 1. Перезапуск через 180 сек
[2026-03-08 15:03:15] [STOP] Бот остановлен. Всего вопросов задано: 1
[2026-03-08 15:03:18] [RESTART] Бот перезапущен. Следующий перезапуск не ранее 15:06:18 (через 180 сек)
[2026-03-08 15:04:22] [QUESTION] Попытка #1/1, вопрос индекс #673, UID: b4d0ed66-9f47-4f12-898d-1c162f160697
[2026-03-08 15:04:22] [LIMIT_EXHAUSTED] Лимит вопросов исчерпан. Всего задано: 1. Перезапуск через 180 сек
[2026-03-08 15:06:18] [STOP] Бот остановлен. Всего вопросов задано: 1
[2026-03-08 15:06:21] [RESTART] Бот перезапущен. Следующий перезапуск не ранее 15:09:21 (через 180 сек)
[2026-03-08 15:07:58] [QUESTION] Попытка #1/1, вопрос индекс #674, UID: e285445f-53e2-4c20-baca-f027c0da15c2
[2026-03-08 15:07:58] [LIMIT_EXHAUSTED] Лимит вопросов исчерпан. Всего задано: 1. Перезапуск через 180 сек
[2026-03-08 15:09:21] [STOP] Бот остановлен. Всего вопросов задано: 1
[2026-03-08 15:09:24] [RESTART] Бот перезапущен. Следующий перезапуск не ранее 15:12:24 (через 180 сек)
[2026-03-08 15:12:12] [QUESTION] Попытка #1/1, вопрос индекс #675, UID: 4c4c024d-62bf-4c0e-a71d-e43a58417d3e
[2026-03-08 16:13:40] [RESTART] Бот перезапущен. Следующий перезапуск не ранее 16:16:40 (через 180 сек)
[2026-03-08 16:15:14] [QUESTION] Попытка #1/100, вопрос индекс #676, UID: a257c361-478c-4347-91b6-c37407ff18c0
[2026-03-08 16:18:08] [QUESTION] Попытка #2/100, вопрос индекс #677, UID: 0a0736d2-b609-4eba-bcad-2ac112d8476d
[2026-03-08 16:20:09] [QUESTION] Попытка #3/100, вопрос индекс #678, UID: 0aeac8d8-a8a9-47a9-9164-db6fd7ba05d8
[2026-03-08 16:21:58] [QUESTION] Попытка #4/100, вопрос индекс #679, UID: 181bd850-ba52-4511-8369-e05b9276af48
[2026-03-08 16:23:56] [QUESTION] Попытка #5/100, вопрос индекс #680, UID: a73fa3df-800c-4240-803a-0702755e9cc6
[2026-03-08 16:26:07] [QUESTION] Попытка #6/100, вопрос индекс #681, UID: 0fef428c-0903-4362-8da2-2a7b269b4003
[2026-03-08 16:28:41] [QUESTION] Попытка #7/100, вопрос индекс #682, UID: fcda7181-9448-414b-a996-38a90646d069
[2026-03-08 16:30:42] [QUESTION] Попытка #8/100, вопрос индекс #683, UID: 23cd1b58-e2f8-4309-b877-b36dc9ce87e2
[2026-03-08 16:33:05] [QUESTION] Попытка #9/100, вопрос индекс #684, UID: 98bfedd2-ab39-4287-a012-e90d6a1b6dfa
[2026-03-08 16:35:14] [QUESTION] Попытка #10/100, вопрос индекс #685, UID: 28d5b307-8f14-4e96-a1be-494a7cc49221
[2026-03-08 16:37:58] [QUESTION] Попытка #11/100, вопрос индекс #686, UID: fa16826a-30ad-475e-ba84-793d7634bc96
[2026-03-08 16:39:45] [QUESTION] Попытка #12/100, вопрос индекс #687, UID: 4fae406a-987c-429b-925a-807973f1b4d5
[2026-03-08 16:52:14] [QUESTION] Попытка #13/100, вопрос индекс #688, UID: 8a3a1c3e-4b9b-4072-9b98-7dca00059c39
[2026-03-08 16:54:03] [QUESTION] Попытка #14/100, вопрос индекс #689, UID: 37ecb8ca-c194-40c0-b559-902894911eec
[2026-03-08 16:56:27] [QUESTION] Попытка #15/100, вопрос индекс #690, UID: d0db7728-97c7-49bb-8a45-a2e71775c9b9
[2026-03-08 16:58:20] [QUESTION] Попытка #16/100, вопрос индекс #691, UID: c3a13463-a7f1-46b4-a9fb-ebefdab2b705
[2026-03-08 16:59:58] [QUESTION] Попытка #17/100, вопрос индекс #692, UID: 9a1c433b-b5a7-4698-b618-654eab6e867a
[2026-03-08 17:02:01] [QUESTION] Попытка #18/100, вопрос индекс #693, UID: 88243603-e26c-433d-af55-38eb37e1971d
[2026-03-08 17:04:18] [QUESTION] Попытка #19/100, вопрос индекс #694, UID: a9ad1a12-5465-4fef-b77a-9563d6de9dd9
[2026-03-08 17:06:08] [QUESTION] Попытка #20/100, вопрос индекс #695, UID: b4f9c46a-770e-48d4-8c9b-4ca1c4e53a2e
[2026-03-08 17:08:05] [QUESTION] Попытка #21/100, вопрос индекс #696, UID: cc6dc7ae-c54d-439c-b620-4cf19890a6fd
[2026-03-08 17:09:18] [QUESTION] Попытка #22/100, вопрос индекс #697, UID: 90940823-c262-4d2d-b295-aa56f1dce125
[2026-03-08 17:11:44] [QUESTION] Попытка #23/100, вопрос индекс #698, UID: d4b98a68-eab8-4391-8e0a-c2a02ac0ed63
[2026-03-08 17:13:34] [QUESTION] Попытка #24/100, вопрос индекс #699, UID: 8736504f-a4a1-4ff2-96de-faa97eb2405a
[2026-03-08 17:14:53] [QUESTION] Попытка #25/100, вопрос индекс #700, UID: 6cf58e42-ac6d-4943-996c-d0eb6d856cb7
[2026-03-08 22:24:07] [RESTART] Бот перезапущен. Следующий перезапуск не ранее 23:24:07 (через 3600 сек)
[2026-03-08 22:26:59] [RESTART] Бот перезапущен. Следующий перезапуск не ранее 23:26:59 (через 3600 сек)
[2026-03-08 22:27:28] [RESTART] Бот перезапущен. Следующий перезапуск не ранее 23:27:28 (через 3600 сек)
[2026-03-08 22:27:56] [RESTART] Бот перезапущен. Следующий перезапуск не ранее 23:27:56 (через 3600 сек)
[2026-03-08 22:30:19] [RESTART] Бот перезапущен. Следующий перезапуск не ранее 23:30:19 (через 3600 сек)
[2026-03-08 22:31:52] [RESTART] Бот перезапущен. Следующий перезапуск не ранее 23:31:52 (через 3600 сек)
[2026-03-08 22:33:49] [RESTART] Бот перезапущен. Следующий перезапуск не ранее 23:33:49 (через 3600 сек)
[2026-03-09 11:02:12] [RESTART] Бот перезапущен. Следующий перезапуск не ранее 12:02:12 (через 3600 сек)
[2026-03-09 11:05:06] [RESTART] Бот перезапущен. Следующий перезапуск не ранее 12:05:06 (через 3600 сек)
[2026-03-09 11:06:21] [RESTART] Бот перезапущен. Следующий перезапуск не ранее 12:06:21 (через 3600 сек)
[2026-03-09 11:07:28] [RESTART] Бот перезапущен. Следующий перезапуск не ранее 12:07:28 (через 3600 сек)
[2026-03-09 11:08:18] [QUESTION] Попытка #1/40, вопрос индекс #0, UID: 466f428e-0e4b-4d07-b042-c1d22ff2ce88
[2026-03-09 11:08:23] [STOP] Бот остановлен. Всего вопросов задано: 1
[2026-03-09 20:14:51] [RESTART] Бот перезапущен. Следующий перезапуск не ранее 21:14:51 (через 3600 сек)
[2026-03-09 20:16:21] [RESTART] Бот перезапущен. Следующий перезапуск не ранее 21:16:21 (через 3600 сек)
[2026-03-09 20:17:44] [RESTART] Бот перезапущен. Следующий перезапуск не ранее 21:17:44 (через 3600 сек)
[2026-03-09 20:18:03] [STOP] Бот остановлен. Всего вопросов задано: 0
[2026-03-09 20:46:49] [RESTART] Бот перезапущен. Следующий перезапуск не ранее 21:46:49 (через 3600 сек)
[2026-03-09 20:48:49] [STOP] Бот остановлен. Всего вопросов задано: 0
[2026-03-09 20:50:14] [RESTART] Бот перезапущен. Следующий перезапуск не ранее 21:50:14 (через 3600 сек)
[2026-03-09 20:54:03] [RESTART] Бот перезапущен. Следующий перезапуск не ранее 21:54:03 (через 3600 сек)
[2026-03-09 20:54:34] [STOP] Бот остановлен. Всего вопросов задано: 0
[2026-03-09 20:54:40] [RESTART] Бот перезапущен. Следующий перезапуск не ранее 21:54:40 (через 3600 сек)
[2026-03-09 20:58:06] [STOP] Бот остановлен. Всего вопросов задано: 0
[2026-03-09 20:59:49] [RESTART] Бот перезапущен. Следующий перезапуск не ранее 21:59:49 (через 3600 сек)
[2026-03-09 21:01:38] [QUESTION] Попытка #1/100, вопрос индекс #0, UID: 466f428e-0e4b-4d07-b042-c1d22ff2ce88
[2026-03-09 21:03:08] [QUESTION] Попытка #2/100, вопрос индекс #1, UID: 0a758dd7-dd01-4560-853d-900b5c4b5f97
[2026-03-09 21:09:07] [RESTART] Бот перезапущен. Следующий перезапуск не ранее 22:09:07 (через 3600 сек)
[2026-03-09 21:10:46] [QUESTION] Попытка #1/100, вопрос индекс #2, UID: fc3a28c4-5a19-4434-b6ed-2d39d777c8ee
[2026-03-09 21:32:58] [RESTART] Бот перезапущен. Следующий перезапуск не ранее 22:32:58 (через 3600 сек)
[2026-03-09 21:38:53] [RESTART] Бот перезапущен. Следующий перезапуск не ранее 22:38:53 (через 3600 сек)
[2026-03-09 21:42:43] [RESTART] Бот перезапущен. Следующий перезапуск не ранее 22:42:43 (через 3600 сек)
[2026-03-09 21:45:14] [RESTART] Бот перезапущен. Следующий перезапуск не ранее 22:45:14 (через 3600 сек)
[2026-03-09 21:46:53] [RESTART] Бот перезапущен. Следующий перезапуск не ранее 22:46:53 (через 3600 сек)
[2026-03-09 21:48:40] [QUESTION] Попытка #1/100, вопрос индекс #3, UID: d52ef892-b636-4b8f-9b31-2d48935d8193
[2026-03-09 21:50:08] [QUESTION] Попытка #2/100, вопрос индекс #4, UID: bc74b81b-2893-460e-9cf1-bb3a1a2f9f01
[2026-03-09 21:51:58] [QUESTION] Попытка #3/100, вопрос индекс #5, UID: 48713a55-c3d8-4fad-82c8-8982002c09fe
[2026-03-09 21:53:35] [QUESTION] Попытка #4/100, вопрос индекс #6, UID: 7cc8a96e-ff5f-4f71-b1be-23e6f9afcace
[2026-03-09 21:55:08] [QUESTION] Попытка #5/100, вопрос индекс #7, UID: d36a9f66-d869-41f4-ae52-61ecf923b70f
[2026-03-09 21:56:48] [QUESTION] Попытка #6/100, вопрос индекс #8, UID: c0c12101-5360-4c2c-8e40-197add817629
[2026-03-09 21:58:36] [QUESTION] Попытка #7/100, вопрос индекс #9, UID: 4405cb89-f59d-4831-a589-29df715c6dee
[2026-03-09 22:00:41] [QUESTION] Попытка #8/100, вопрос индекс #10, UID: 8c54e88f-e403-481c-9bc1-f843fc35a65e
[2026-03-09 22:02:25] [QUESTION] Попытка #9/100, вопрос индекс #11, UID: 77cbbceb-4d66-4d50-b3ac-04ceced8e86f
[2026-03-09 22:04:19] [QUESTION] Попытка #10/100, вопрос индекс #12, UID: 4a38b0d9-19d6-4ffb-bfa2-73d61994507a
[2026-03-09 22:05:57] [QUESTION] Попытка #11/100, вопрос индекс #13, UID: 6dbbe7a2-9848-45ba-8e5e-0a1095c7149c
[2026-03-09 22:07:40] [QUESTION] Попытка #12/100, вопрос индекс #14, UID: df646a88-087b-4f21-9329-8d662a7434f6
[2026-03-09 22:09:56] [QUESTION] Попытка #13/100, вопрос индекс #15, UID: ed2d4116-f49f-45c1-8308-08a7a42b641e
[2026-03-09 22:11:44] [QUESTION] Попытка #14/100, вопрос индекс #16, UID: edca74af-73fe-4570-a5c4-1336c1b74206
[2026-03-09 22:13:41] [QUESTION] Попытка #15/100, вопрос индекс #17, UID: e880aec5-8349-4b1a-850b-ea03c5c3aa38
[2026-03-09 22:15:21] [QUESTION] Попытка #16/100, вопрос индекс #18, UID: 98cc9b0f-fd40-4078-bd2e-4584804e842b
[2026-03-09 22:17:11] [QUESTION] Попытка #17/100, вопрос индекс #19, UID: f794713b-da99-48cf-bb6e-0d261bdf5051
[2026-03-09 22:18:56] [QUESTION] Попытка #18/100, вопрос индекс #20, UID: 41a89fe7-c6f2-4fc8-a964-ec96457f3668
[2026-03-09 22:29:10] [RESTART] Бот перезапущен. Следующий перезапуск не ранее 23:29:10 (через 3600 сек)
