[2026-03-08 14:33:03] [RESTART] Бот перезапущен. Следующий перезапуск не ранее 14:34:03 (через 60 сек)
[2026-03-08 14:34:29] [QUESTION] Попытка #1/1, вопрос индекс #649, UID: c2b9d535-1d3b-4f7e-9b4e-64845f77b27f
[2026-03-08 14:34:29] [LIMIT_EXHAUSTED] Лимит вопросов исчерпан. Всего задано: 1. Перезапуск через 60 сек
[2026-03-08 14:34:29] [STOP] Бот остановлен. Всего вопросов задано: 1
[2026-03-08 14:34:32] [RESTART] Бот перезапущен. Следующий перезапуск не ранее 14:35:32 (через 60 сек)
[2026-03-08 14:35:46] [QUESTION] Попытка #1/1, вопрос индекс #649, UID: c2b9d535-1d3b-4f7e-9b4e-64845f77b27f
[2026-03-08 14:35:46] [LIMIT_EXHAUSTED] Лимит вопросов исчерпан. Всего задано: 1. Перезапуск через 60 сек
[2026-03-08 14:35:46] [STOP] Бот остановлен. Всего вопросов задано: 1
[2026-03-08 14:35:49] [RESTART] Бот перезапущен. Следующий перезапуск не ранее 14:36:49 (через 60 сек)
[2026-03-08 14:36:54] [QUESTION] Попытка #1/1, вопрос индекс #649, UID: c2b9d535-1d3b-4f7e-9b4e-64845f77b27f
[2026-03-08 14:36:54] [LIMIT_EXHAUSTED] Лимит вопросов исчерпан. Всего задано: 1. Перезапуск через 60 сек
[2026-03-08 14:36:54] [STOP] Бот остановлен. Всего вопросов задано: 1
[2026-03-08 14:36:57] [RESTART] Бот перезапущен. Следующий перезапуск не ранее 14:37:57 (через 60 сек)
[2026-03-08 14:46:47] [RESTART] Бот перезапущен. Следующий перезапуск не ранее 14:47:47 (через 60 сек)
[2026-03-08 14:52:26] [RESTART] Бот перезапущен. Следующий перезапуск не ранее 14:55:26 (через 180 сек)
[2026-03-08 14:54:21] [QUESTION] Попытка #1/1, вопрос индекс #650, UID: b37c8f14-b8e1-44a9-bf3b-1d45bfcfc9c8
[2026-03-08 16:13:43] [RESTART] Бот перезапущен. Следующий перезапуск не ранее 16:16:43 (через 180 сек)
[2026-03-08 16:15:41] [QUESTION] Попытка #1/100, вопрос индекс #701, UID: 39eb1727-7041-4b12-983d-c0c98e97e749
[2026-03-08 16:17:52] [QUESTION] Попытка #2/100, вопрос индекс #702, UID: 9085dd78-5430-48bb-b7f5-9cbdafd4a18a
[2026-03-08 16:19:32] [QUESTION] Попытка #3/100, вопрос индекс #703, UID: caa9ae4c-04ba-46ea-9d18-6b4d4dc56ae9
[2026-03-08 16:21:02] [QUESTION] Попытка #4/100, вопрос индекс #704, UID: 958e5fa8-a677-49db-bcea-9f594c7f2da6
[2026-03-08 16:24:04] [QUESTION] Попытка #5/100, вопрос индекс #705, UID: ee9b9f15-8fcf-4db3-827a-b662cd3c82f9
[2026-03-08 16:26:22] [QUESTION] Попытка #6/100, вопрос индекс #706, UID: 9a426e06-3237-471c-bf4b-9054f04fcf57
[2026-03-08 16:28:31] [QUESTION] Попытка #7/100, вопрос индекс #707, UID: 4933db8a-488d-4e0a-9c25-a2d673603e7f
[2026-03-08 16:30:50] [QUESTION] Попытка #8/100, вопрос индекс #708, UID: d0d56d0b-80e6-4e81-8b3e-20d6e1b80468
[2026-03-08 16:33:16] [QUESTION] Попытка #9/100, вопрос индекс #709, UID: c1aab13f-1494-4668-a393-669ccf49e66b
[2026-03-08 16:34:48] [QUESTION] Попытка #10/100, вопрос индекс #710, UID: eb9e76b4-39b4-4a95-87ec-ac946cd24a01
[2026-03-08 16:36:43] [QUESTION] Попытка #11/100, вопрос индекс #711, UID: 99840931-3b3c-4421-97f1-000d6ceeba49
[2026-03-08 16:38:46] [QUESTION] Попытка #12/100, вопрос индекс #712, UID: 4bb8e7fd-0007-4995-b574-b6e95aa13e56
[2026-03-08 16:40:44] [QUESTION] Попытка #13/100, вопрос индекс #713, UID: 3bebf746-0b8e-42f7-a5e0-7de4722a0537
[2026-03-08 16:42:33] [QUESTION] Попытка #14/100, вопрос индекс #714, UID: 2bf86b3f-a4d6-4204-9f09-2da161cd403e
[2026-03-08 16:54:49] [QUESTION] Попытка #15/100, вопрос индекс #715, UID: b7de199f-424b-4765-833c-538f81e7b7a6
[2026-03-08 16:57:04] [QUESTION] Попытка #16/100, вопрос индекс #716, UID: c888e8df-777e-4fcd-8a4d-6dc3594f1515
[2026-03-08 16:59:19] [QUESTION] Попытка #17/100, вопрос индекс #717, UID: 7ecfb05d-72f7-4513-9fc5-abeaa4fff4df
[2026-03-08 17:01:12] [QUESTION] Попытка #18/100, вопрос индекс #718, UID: 472071d3-fc68-4e43-8407-c7f7f786671d
[2026-03-08 17:04:07] [QUESTION] Попытка #19/100, вопрос индекс #719, UID: 57068c9d-29d8-449d-af49-0ab3633ccd5b
[2026-03-08 17:06:18] [QUESTION] Попытка #20/100, вопрос индекс #720, UID: a4f36d01-fad5-42cd-8b67-f08a06239ede
[2026-03-08 17:07:39] [QUESTION] Попытка #21/100, вопрос индекс #721, UID: 3100ce07-c68a-4006-83ca-1f4cf43f9827
[2026-03-08 17:09:28] [QUESTION] Попытка #22/100, вопрос индекс #722, UID: e62cdc3f-06e5-4ad6-852c-dc58e6cbe41d
[2026-03-08 17:11:36] [QUESTION] Попытка #23/100, вопрос индекс #723, UID: fd3ed728-43f5-4016-816a-57f4728358ef
[2026-03-08 17:12:52] [QUESTION] Попытка #24/100, вопрос индекс #724, UID: 69682ae7-4973-428b-88f0-9cd952085d1a
[2026-03-08 17:14:08] [QUESTION] Попытка #25/100, вопрос индекс #725, UID: d4741073-2de8-4dd1-9b53-90ca8bb45c2f
[2026-03-09 21:09:09] [RESTART] Бот перезапущен. Следующий перезапуск не ранее 22:09:09 (через 3600 сек)
[2026-03-09 21:11:02] [QUESTION] Попытка #1/100, вопрос индекс #75, UID: 11e9f640-9e56-4059-afb0-39f284593fe7
[2026-03-09 21:33:03] [RESTART] Бот перезапущен. Следующий перезапуск не ранее 22:33:03 (через 3600 сек)
[2026-03-09 21:34:52] [QUESTION] Попытка #1/100, вопрос индекс #76, UID: 235c3e7e-7e29-4586-ad1e-5ba9e108150a
[2026-03-09 21:36:25] [QUESTION] Попытка #2/100, вопрос индекс #77, UID: 20aab4c4-2b1d-4642-b020-32ece242026b
[2026-03-09 21:39:04] [RESTART] Бот перезапущен. Следующий перезапуск не ранее 22:39:04 (через 3600 сек)
[2026-03-09 21:42:53] [RESTART] Бот перезапущен. Следующий перезапуск не ранее 22:42:53 (через 3600 сек)
[2026-03-09 21:45:26] [RESTART] Бот перезапущен. Следующий перезапуск не ранее 22:45:26 (через 3600 сек)
[2026-03-09 21:46:58] [RESTART] Бот перезапущен. Следующий перезапуск не ранее 22:46:58 (через 3600 сек)
[2026-03-09 21:53:07] [QUESTION] Попытка #1/100, вопрос индекс #78, UID: 4bde0022-6a07-4611-8342-47a227bd0976
[2026-03-09 21:54:49] [QUESTION] Попытка #2/100, вопрос индекс #79, UID: 8ab79183-c6dc-45fc-b8e7-8310af87abd1
[2026-03-09 21:56:22] [QUESTION] Попытка #3/100, вопрос индекс #80, UID: bef88b17-9648-40fc-aaf0-25cb6fb0a602
[2026-03-09 21:58:13] [QUESTION] Попытка #4/100, вопрос индекс #81, UID: 264ea566-62e3-41db-8f24-281d3a4828b7
[2026-03-09 21:59:51] [QUESTION] Попытка #5/100, вопрос индекс #82, UID: 190d9b0e-132e-44a1-b226-abf3cde65102
[2026-03-09 22:01:35] [QUESTION] Попытка #6/100, вопрос индекс #83, UID: feb3fd0f-609a-4f54-85fa-9a60d2dbae42
[2026-03-09 22:03:17] [QUESTION] Попытка #7/100, вопрос индекс #84, UID: 7e60c1ea-c84f-40f9-98ff-f21d22c61486
[2026-03-09 22:05:05] [QUESTION] Попытка #8/100, вопрос индекс #85, UID: 37affcb8-a899-4849-b110-9a7cd6d2d4aa
[2026-03-09 22:06:49] [QUESTION] Попытка #9/100, вопрос индекс #86, UID: ee619717-6916-467b-b446-7a3b0f8dadea
[2026-03-09 22:08:45] [QUESTION] Попытка #10/100, вопрос индекс #87, UID: 5ee0de7c-2f8e-4367-8ed4-1d94bc49328a
[2026-03-09 22:10:31] [QUESTION] Попытка #11/100, вопрос индекс #88, UID: da4d1815-c446-4111-837a-369b2be5af87
[2026-03-09 22:12:19] [QUESTION] Попытка #12/100, вопрос индекс #89, UID: d3cf3445-ba6b-4896-8e75-395610f5f4be
[2026-03-09 22:13:58] [QUESTION] Попытка #13/100, вопрос индекс #90, UID: e4bd4406-487b-47db-9329-b7b0db16a04a
[2026-03-09 22:15:38] [QUESTION] Попытка #14/100, вопрос индекс #91, UID: 262edd0e-fd30-4be4-ba53-b2028fb48bf3
[2026-03-09 22:17:24] [QUESTION] Попытка #15/100, вопрос индекс #92, UID: ce8cb8d7-e5f3-4708-9a58-cab7ccc2f160
[2026-03-09 22:19:13] [QUESTION] Попытка #16/100, вопрос индекс #93, UID: 6c10502b-d178-4598-8c4e-07d18c367126
[2026-03-09 22:29:16] [RESTART] Бот перезапущен. Следующий перезапуск не ранее 23:29:16 (через 3600 сек)
